mysql root@(none):covid_data> select co.`County_ID`from `County` co where co.`County_ID` not in (select coll.`County_ID` from countieswcolleges as coll);

+-----------+
| County_ID |
+-----------+
| 1001      |
| 1003      |
| 1005      |
| 1007      |
| 1009      |
| 1011      |
| 1013      |
| 1017      |
| 1019      |
| 1021      |
| 1023      |
| 1025      |
| 1027      |
| 1029      |
| 1033      |
| 1035      |
| 1037      |
| 1041      |
| 1043      |
| 1045      |
| 1047      |
| 1049      |
| 1051      |
| 1053      |
| 1057      |
| 1059      |
| 1061      |
| 1063      |
| 1065      |
| 1067      |
| 1071      |
| 1075      |
| 1079      |
| 1085      |
| 1091      |
| 1093      |
| 1099      |
| 1103      |
| 1107      |
| 1115      |
| 1121      |
| 1129      |
| 1131      |
| 1133      |
| 2013      |
| 2016      |
| 2020      |
| 2050      |
| 2068      |
| 2070      |
| 2100      |
| 2122      |
| 2130      |
| 2150      |
| 2158      |
| 2170      |
| 2180      |
| 2188      |
| 2195      |
| 2198      |
| 2220      |
| 2230      |
| 2240      |
| 2261      |
| 2275      |
| 2290      |
| 4003      |
| 4007      |
| 4009      |
| 4011      |
| 4012      |
| 4017      |
| 4021      |
| 4023      |
| 5001      |
| 5003      |
| 5005      |
| 5011      |
| 5013      |
| 5015      |
| 5017      |
| 5021      |
| 5023      |
| 5025      |
| 5033      |
| 5035      |
| 5037      |
| 5039      |
| 5041      |
| 5047      |
| 5049      |
| 5053      |
| 5055      |
| 5057      |
| 5059      |
| 5061      |
| 5065      |
| 5073      |
| 5075      |
| 5077      |
| 5079      |
| 5081      |
| 5083      |
| 5085      |
| 5087      |
| 5089      |
| 5095      |
| 5097      |
| 5099      |
| 5101      |
| 5103      |
| 5105      |
| 5107      |
| 5109      |
| 5111      |
| 5117      |
| 5123      |
| 5125      |
| 5127      |
| 5129      |
| 5135      |
| 5137      |
| 5141      |
| 5147      |
| 5149      |
| 6003      |
| 6005      |
| 6009      |
| 6011      |
| 6015      |
| 6017      |
| 6021      |
| 6025      |
| 6027      |
| 6031      |
| 6033      |
| 6035      |
| 6039      |
| 6043      |
| 6045      |
| 6049      |
| 6051      |
| 6055      |
| 6057      |
| 6061      |
| 6069      |
| 6091      |
| 6093      |
| 6101      |
| 6103      |
| 6105      |
| 6107      |
| 6109      |
| 6115      |
| 8007      |
| 8009      |
| 8011      |
| 8014      |
| 8015      |
| 8017      |
| 8019      |
| 8021      |
| 8023      |
| 8025      |
| 8027      |
| 8029      |
| 8033      |
| 8035      |
| 8037      |
| 8039      |
| 8043      |
| 8047      |
| 8049      |
| 8053      |
| 8055      |
| 8057      |
| 8061      |
| 8063      |
| 8065      |
| 8073      |
| 8079      |
| 8081      |
| 8083      |
| 8085      |
| 8091      |
| 8093      |
| 8095      |
| 8097      |
| 8103      |
| 8105      |
| 8107      |
| 8109      |
| 8111      |
| 8113      |
| 8115      |
| 8117      |
| 8119      |
| 8121      |
| 8125      |
| 9005      |
| 11001     |
| 12003     |
| 12007     |
| 12013     |
| 12019     |
| 12027     |
| 12029     |
| 12037     |
| 12041     |
| 12043     |
| 12045     |
| 12047     |
| 12049     |
| 12051     |
| 12053     |
| 12059     |
| 12061     |
| 12065     |
| 12067     |
| 12075     |
| 12077     |
| 12085     |
| 12089     |
| 12093     |
| 12097     |
| 12119     |
| 12125     |
| 12129     |
| 12131     |
| 12133     |
| 13001     |
| 13003     |
| 13005     |
| 13007     |
| 13011     |
| 13013     |
| 13015     |
| 13017     |
| 13019     |
| 13023     |
| 13025     |
| 13027     |
| 13029     |
| 13033     |
| 13035     |
| 13037     |
| 13039     |
| 13043     |
| 13047     |
| 13049     |
| 13053     |
| 13055     |
| 13057     |
| 13061     |
| 13065     |
| 13071     |
| 13073     |
| 13075     |
| 13077     |
| 13079     |
| 13081     |
| 13083     |
| 13085     |
| 13087     |
| 13091     |
| 13093     |
| 13097     |
| 13099     |
| 13101     |
| 13103     |
| 13105     |
| 13109     |
| 13111     |
| 13113     |
| 13117     |
| 13123     |
| 13125     |
| 13129     |
| 13131     |
| 13133     |
| 13141     |
| 13143     |
| 13145     |
| 13147     |
| 13149     |
| 13151     |
| 13153     |
| 13155     |
| 13157     |
| 13159     |
| 13161     |
| 13163     |
| 13165     |
| 13167     |
| 13169     |
| 13173     |
| 13175     |
| 13177     |
| 13179     |
| 13181     |
| 13183     |
| 13189     |
| 13191     |
| 13193     |
| 13195     |
| 13197     |
| 13199     |
| 13201     |
| 13205     |
| 13207     |
| 13209     |
| 13211     |
| 13213     |
| 13217     |
| 13219     |
| 13221     |
| 13223     |
| 13227     |
| 13229     |
| 13231     |
| 13233     |
| 13235     |
| 13237     |
| 13239     |
| 13241     |
| 13243     |
| 13247     |
| 13249     |
| 13251     |
| 13253     |
| 13255     |
| 13257     |
| 13259     |
| 13263     |
| 13265     |
| 13267     |
| 13269     |
| 13271     |
| 13273     |
| 13275     |
| 13279     |
| 13283     |
| 13287     |
| 13289     |
| 13291     |
| 13293     |
| 13297     |
| 13299     |
| 13301     |
| 13303     |
| 13305     |
| 13307     |
| 13309     |
| 13311     |
| 13315     |
| 13317     |
| 13319     |
| 13321     |
| 15005     |
| 15007     |
| 16003     |
| 16007     |
| 16009     |
| 16011     |
| 16013     |
| 16015     |
| 16017     |
| 16019     |
| 16021     |
| 16023     |
| 16025     |
| 16029     |
| 16031     |
| 16033     |
| 16035     |
| 16037     |
| 16039     |
| 16041     |
| 16043     |
| 16045     |
| 16047     |
| 16049     |
| 16051     |
| 16053     |
| 16059     |
| 16061     |
| 16063     |
| 16067     |
| 16071     |
| 16073     |
| 16075     |
| 16077     |
| 16079     |
| 16081     |
| 16085     |
| 16087     |
| 17003     |
| 17007     |
| 17009     |
| 17011     |
| 17013     |
| 17015     |
| 17017     |
| 17021     |
| 17023     |
| 17025     |
| 17033     |
| 17035     |
| 17039     |
| 17041     |
| 17045     |
| 17047     |
| 17049     |
| 17051     |
| 17053     |
| 17055     |
| 17057     |
| 17059     |
| 17061     |
| 17063     |
| 17065     |
| 17067     |
| 17069     |
| 17071     |
| 17073     |
| 17075     |
| 17079     |
| 17081     |
| 17085     |
| 17087     |
| 17093     |
| 17099     |
| 17101     |
| 17103     |
| 17105     |
| 17107     |
| 17111     |
| 17121     |
| 17123     |
| 17125     |
| 17127     |
| 17129     |
| 17131     |
| 17133     |
| 17135     |
| 17139     |
| 17141     |
| 17145     |
| 17147     |
| 17149     |
| 17151     |
| 17153     |
| 17155     |
| 17157     |
| 17159     |
| 17169     |
| 17171     |
| 17173     |
| 17175     |
| 17177     |
| 17179     |
| 17181     |
| 17183     |
| 17185     |
| 17189     |
| 17191     |
| 17193     |
| 17195     |
| 17199     |
| 18001     |
| 18007     |
| 18009     |
| 18011     |
| 18013     |
| 18015     |
| 18017     |
| 18019     |
| 18021     |
| 18023     |
| 18025     |
| 18027     |
| 18029     |
| 18031     |
| 18033     |
| 18037     |
| 18041     |
| 18045     |
| 18047     |
| 18049     |
| 18055     |
| 18057     |
| 18059     |
| 18061     |
| 18063     |
| 18065     |
| 18069     |
| 18071     |
| 18073     |
| 18075     |
| 18079     |
| 18087     |
| 18091     |
| 18093     |
| 18099     |
| 18101     |
| 18103     |
| 18109     |
| 18111     |
| 18113     |
| 18115     |
| 18117     |
| 18119     |
| 18121     |
| 18123     |
| 18125     |
| 18129     |
| 18131     |
| 18135     |
| 18137     |
| 18139     |
| 18143     |
| 18145     |
| 18147     |
| 18149     |
| 18153     |
| 18155     |
| 18159     |
| 18161     |
| 18165     |
| 18171     |
| 18173     |
| 18175     |
| 18179     |
| 18181     |
| 18183     |
| 19001     |
| 19003     |
| 19005     |
| 19007     |
| 19009     |
| 19011     |
| 19015     |
| 19019     |
| 19023     |
| 19025     |
| 19027     |
| 19029     |
| 19031     |
| 19033     |
| 19035     |
| 19037     |
| 19039     |
| 19041     |
| 19043     |
| 19045     |
| 19047     |
| 19049     |
| 19051     |
| 19055     |
| 19057     |
| 19059     |
| 19063     |
| 19067     |
| 19069     |
| 19071     |
| 19073     |
| 19075     |
| 19077     |
| 19079     |
| 19081     |
| 19085     |
| 19089     |
| 19091     |
| 19093     |
| 19095     |
| 19097     |
| 19099     |
| 19101     |
| 19105     |
| 19107     |
| 19109     |
| 19111     |
| 19115     |
| 19117     |
| 19119     |
| 19121     |
| 19129     |
| 19131     |
| 19133     |
| 19135     |
| 19137     |
| 19139     |
| 19141     |
| 19143     |
| 19145     |
| 19147     |
| 19149     |
| 19151     |
| 19155     |
| 19159     |
| 19161     |
| 19165     |
| 19171     |
| 19173     |
| 19175     |
| 19177     |
| 19179     |
| 19183     |
| 19185     |
| 19187     |
| 19189     |
| 19195     |
| 19197     |
| 20003     |
| 20007     |
| 20009     |
| 20011     |
| 20013     |
| 20017     |
| 20019     |
| 20021     |
| 20023     |
| 20025     |
| 20027     |
| 20029     |
| 20031     |
| 20033     |
| 20039     |
| 20041     |
| 20043     |
| 20047     |
| 20049     |
| 20053     |
| 20055     |
| 20059     |
| 20061     |
| 20063     |
| 20065     |
| 20067     |
| 20069     |
| 20071     |
| 20073     |
| 20075     |
| 20077     |
| 20081     |
| 20083     |
| 20085     |
| 20087     |
| 20089     |
| 20093     |
| 20095     |
| 20097     |
| 20101     |
| 20105     |
| 20107     |
| 20109     |
| 20115     |
| 20117     |
| 20119     |
| 20121     |
| 20123     |
| 20125     |
| 20127     |
| 20129     |
| 20131     |
| 20133     |
| 20135     |
| 20137     |
| 20139     |
| 20141     |
| 20143     |
| 20145     |
| 20147     |
| 20149     |
| 20151     |
| 20153     |
| 20157     |
| 20163     |
| 20165     |
| 20167     |
| 20171     |
| 20175     |
| 20179     |
| 20181     |
| 20183     |
| 20185     |
| 20187     |
| 20189     |
| 20191     |
| 20193     |
| 20195     |
| 20197     |
| 20199     |
| 20201     |
| 20203     |
| 20205     |
| 20207     |
| 20209     |
| 21003     |
| 21005     |
| 21007     |
| 21009     |
| 21011     |
| 21017     |
| 21023     |
| 21025     |
| 21027     |
| 21029     |
| 21031     |
| 21033     |
| 21039     |
| 21041     |
| 21045     |
| 21049     |
| 21051     |
| 21053     |
| 21055     |
| 21057     |
| 21061     |
| 21063     |
| 21065     |
| 21069     |
| 21075     |
| 21077     |
| 21079     |
| 21081     |
| 21083     |
| 21085     |
| 21087     |
| 21089     |
| 21091     |
| 21097     |
| 21099     |
| 21103     |
| 21105     |
| 21109     |
| 21115     |
| 21123     |
| 21125     |
| 21127     |
| 21129     |
| 21133     |
| 21135     |
| 21137     |
| 21139     |
| 21141     |
| 21143     |
| 21147     |
| 21149     |
| 21153     |
| 21155     |
| 21157     |
| 21159     |
| 21163     |
| 21165     |
| 21167     |
| 21169     |
| 21171     |
| 21173     |
| 21175     |
| 21177     |
| 21179     |
| 21181     |
| 21183     |
| 21185     |
| 21187     |
| 21189     |
| 21191     |
| 21197     |
| 21201     |
| 21203     |
| 21207     |
| 21211     |
| 21213     |
| 21215     |
| 21219     |
| 21221     |
| 21223     |
| 21225     |
| 21229     |
| 21231     |
| 21233     |
| 21237     |
| 22003     |
| 22007     |
| 22009     |
| 22011     |
| 22013     |
| 22021     |
| 22023     |
| 22025     |
| 22027     |
| 22029     |
| 22031     |
| 22035     |
| 22037     |
| 22039     |
| 22041     |
| 22043     |
| 22045     |
| 22047     |
| 22049     |
| 22051     |
| 22053     |
| 22059     |
| 22063     |
| 22065     |
| 22067     |
| 22075     |
| 22077     |
| 22081     |
| 22083     |
| 22085     |
| 22089     |
| 22091     |
| 22093     |
| 22095     |
| 22097     |
| 22099     |
| 22101     |
| 22107     |
| 22111     |
| 22113     |
| 22115     |
| 22117     |
| 22121     |
| 22123     |
| 22125     |
| 22127     |
| 23013     |
| 23015     |
| 23017     |
| 23021     |
| 23023     |
| 23025     |
| 23027     |
| 24009     |
| 24011     |
| 24015     |
| 24017     |
| 24019     |
| 24023     |
| 24025     |
| 24027     |
| 24031     |
| 24035     |
| 24041     |
| 24043     |
| 24047     |
| 25007     |
| 25011     |
| 25019     |
| 26001     |
| 26003     |
| 26005     |
| 26009     |
| 26011     |
| 26013     |
| 26015     |
| 26019     |
| 26023     |
| 26027     |
| 26029     |
| 26031     |
| 26037     |
| 26039     |
| 26043     |
| 26047     |
| 26051     |
| 26053     |
| 26063     |
| 26067     |
| 26069     |
| 26071     |
| 26079     |
| 26083     |
| 26085     |
| 26087     |
| 26089     |
| 26095     |
| 26097     |
| 26099     |
| 26101     |
| 26105     |
| 26109     |
| 26113     |
| 26115     |
| 26117     |
| 26119     |
| 26121     |
| 26123     |
| 26127     |
| 26129     |
| 26131     |
| 26133     |
| 26135     |
| 26137     |
| 26141     |
| 26143     |
| 26145     |
| 26147     |
| 26151     |
| 26153     |
| 26155     |
| 26157     |
| 26159     |
| 26165     |
| 27001     |
| 27005     |
| 27009     |
| 27011     |
| 27019     |
| 27021     |
| 27023     |
| 27025     |
| 27029     |
| 27031     |
| 27033     |
| 27039     |
| 27043     |
| 27045     |
| 27047     |
| 27049     |
| 27051     |
| 27055     |
| 27057     |
| 27059     |
| 27063     |
| 27065     |
| 27069     |
| 27073     |
| 27075     |
| 27077     |
| 27079     |
| 27081     |
| 27085     |
| 27087     |
| 27089     |
| 27091     |
| 27093     |
| 27095     |
| 27097     |
| 27101     |
| 27105     |
| 27107     |
| 27117     |
| 27121     |
| 27125     |
| 27127     |
| 27129     |
| 27133     |
| 27135     |
| 27139     |
| 27141     |
| 27143     |
| 27147     |
| 27151     |
| 27153     |
| 27155     |
| 27157     |
| 27161     |
| 27163     |
| 27165     |
| 27167     |
| 27171     |
| 28001     |
| 28003     |
| 28005     |
| 28007     |
| 28009     |
| 28013     |
| 28015     |
| 28017     |
| 28019     |
| 28021     |
| 28023     |
| 28025     |
| 28027     |
| 28029     |
| 28031     |
| 28033     |
| 28037     |
| 28039     |
| 28041     |
| 28043     |
| 28045     |
| 28047     |
| 28051     |
| 28053     |
| 28055     |
| 28057     |
| 28059     |
| 28061     |
| 28065     |
| 28067     |
| 28069     |
| 28073     |
| 28075     |
| 28077     |
| 28079     |
| 28081     |
| 28085     |
| 28089     |
| 28091     |
| 28095     |
| 28097     |
| 28099     |
| 28101     |
| 28103     |
| 28107     |
| 28109     |
| 28111     |
| 28113     |
| 28115     |
| 28119     |
| 28121     |
| 28123     |
| 28125     |
| 28127     |
| 28129     |
| 28131     |
| 28135     |
| 28137     |
| 28139     |
| 28141     |
| 28143     |
| 28145     |
| 28147     |
| 28149     |
| 28151     |
| 28153     |
| 28155     |
| 28157     |
| 28159     |
| 28161     |
| 28163     |
| 29003     |
| 29005     |
| 29007     |
| 29009     |
| 29011     |
| 29013     |
| 29015     |
| 29017     |
| 29023     |
| 29025     |
| 29029     |
| 29033     |
| 29035     |
| 29037     |
| 29039     |
| 29041     |
| 29043     |
| 29045     |
| 29049     |
| 29053     |
| 29055     |
| 29057     |
| 29059     |
| 29061     |
| 29063     |
| 29065     |
| 29067     |
| 29069     |
| 29071     |
| 29073     |
| 29075     |
| 29079     |
| 29081     |
| 29083     |
| 29085     |
| 29087     |
| 29091     |
| 29093     |
| 29097     |
| 29099     |
| 29103     |
| 29105     |
| 29107     |
| 29109     |
| 29111     |
| 29113     |
| 29115     |
| 29117     |
| 29119     |
| 29121     |
| 29123     |
| 29125     |
| 29127     |
| 29129     |
| 29131     |
| 29133     |
| 29135     |
| 29137     |
| 29139     |
| 29141     |
| 29143     |
| 29149     |
| 29151     |
| 29153     |
| 29155     |
| 29157     |
| 29163     |
| 29165     |
| 29169     |
| 29171     |
| 29173     |
| 29175     |
| 29177     |
| 29179     |
| 29181     |
| 29185     |
| 29186     |
| 29187     |
| 29195     |
| 29197     |
| 29199     |
| 29201     |
| 29203     |
| 29205     |
| 29207     |
| 29209     |
| 29211     |
| 29215     |
| 29217     |
| 29219     |
| 29221     |
| 29223     |
| 29225     |
| 29227     |
| 29229     |
| 30005     |
| 30007     |
| 30009     |
| 30011     |
| 30015     |
| 30019     |
| 30023     |
| 30025     |
| 30027     |
| 30033     |
| 30035     |
| 30037     |
| 30039     |
| 30043     |
| 30045     |
| 30051     |
| 30053     |
| 30055     |
| 30057     |
| 30059     |
| 30061     |
| 30065     |
| 30067     |
| 30069     |
| 30071     |
| 30073     |
| 30075     |
| 30077     |
| 30079     |
| 30081     |
| 30083     |
| 30085     |
| 30087     |
| 30089     |
| 30091     |
| 30095     |
| 30097     |
| 30099     |
| 30101     |
| 30103     |
| 30105     |
| 30107     |
| 30109     |
| 31003     |
| 31005     |
| 31007     |
| 31009     |
| 31011     |
| 31013     |
| 31015     |
| 31017     |
| 31021     |
| 31023     |
| 31025     |
| 31027     |
| 31029     |
| 31031     |
| 31033     |
| 31035     |
| 31037     |
| 31039     |
| 31041     |
| 31043     |
| 31047     |
| 31049     |
| 31051     |
| 31057     |
| 31059     |
| 31061     |
| 31063     |
| 31065     |
| 31067     |
| 31069     |
| 31071     |
| 31073     |
| 31075     |
| 31077     |
| 31079     |
| 31081     |
| 31083     |
| 31085     |
| 31087     |
| 31089     |
| 31091     |
| 31093     |
| 31095     |
| 31097     |
| 31099     |
| 31101     |
| 31103     |
| 31105     |
| 31107     |
| 31111     |
| 31113     |
| 31115     |
| 31117     |
| 31119     |
| 31121     |
| 31123     |
| 31125     |
| 31129     |
| 31131     |
| 31133     |
| 31135     |
| 31137     |
| 31139     |
| 31141     |
| 31143     |
| 31145     |
| 31147     |
| 31149     |
| 31153     |
| 31155     |
| 31157     |
| 31161     |
| 31163     |
| 31165     |
| 31167     |
| 31169     |
| 31171     |
| 31173     |
| 31175     |
| 31177     |
| 31181     |
| 31183     |
| 31185     |
| 32001     |
| 32005     |
| 32009     |
| 32011     |
| 32013     |
| 32015     |
| 32017     |
| 32019     |
| 32021     |
| 32023     |
| 32027     |
| 32029     |
| 32033     |
| 33003     |
| 34005     |
| 34009     |
| 34011     |
| 34019     |
| 34033     |
| 34035     |
| 34037     |
| 35003     |
| 35006     |
| 35007     |
| 35009     |
| 35011     |
| 35015     |
| 35019     |
| 35021     |
| 35023     |
| 35025     |
| 35027     |
| 35028     |
| 35029     |
| 35033     |
| 35035     |
| 35037     |
| 35043     |
| 35051     |
| 35055     |
| 35057     |
| 35059     |
| 35061     |
| 36017     |
| 36031     |
| 36039     |
| 36041     |
| 36049     |
| 36057     |
| 36073     |
| 36079     |
| 36097     |
| 36107     |
| 36115     |
| 36117     |
| 36121     |
| 37003     |
| 37005     |
| 37007     |
| 37009     |
| 37013     |
| 37015     |
| 37017     |
| 37019     |
| 37023     |
| 37025     |
| 37027     |
| 37029     |
| 37031     |
| 37033     |
| 37037     |
| 37039     |
| 37041     |
| 37043     |
| 37047     |
| 37049     |
| 37053     |
| 37055     |
| 37057     |
| 37059     |
| 37061     |
| 37065     |
| 37069     |
| 37073     |
| 37075     |
| 37077     |
| 37079     |
| 37083     |
| 37087     |
| 37089     |
| 37093     |
| 37095     |
| 37097     |
| 37101     |
| 37103     |
| 37105     |
| 37107     |
| 37109     |
| 37111     |
| 37113     |
| 37117     |
| 37121     |
| 37123     |
| 37125     |
| 37131     |
| 37133     |
| 37137     |
| 37141     |
| 37143     |
| 37145     |
| 37149     |
| 37151     |
| 37153     |
| 37157     |
| 37161     |
| 37163     |
| 37165     |
| 37169     |
| 37171     |
| 37173     |
| 37177     |
| 37181     |
| 37185     |
| 37187     |
| 37193     |
| 37197     |
| 37199     |
| 38001     |
| 38005     |
| 38007     |
| 38011     |
| 38013     |
| 38019     |
| 38021     |
| 38023     |
| 38025     |
| 38027     |
| 38029     |
| 38031     |
| 38033     |
| 38037     |
| 38039     |
| 38041     |
| 38043     |
| 38045     |
| 38047     |
| 38049     |
| 38051     |
| 38053     |
| 38055     |
| 38057     |
| 38059     |
| 38063     |
| 38065     |
| 38067     |
| 38069     |
| 38073     |
| 38075     |
| 38079     |
| 38081     |
| 38083     |
| 38087     |
| 38091     |
| 38093     |
| 38095     |
| 38099     |
| 38103     |
| 39001     |
| 39011     |
| 39015     |
| 39019     |
| 39021     |
| 39025     |
| 39031     |
| 39033     |
| 39037     |
| 39047     |
| 39051     |
| 39053     |
| 39059     |
| 39067     |
| 39069     |
| 39071     |
| 39073     |
| 39075     |
| 39077     |
| 39079     |
| 39091     |
| 39097     |
| 39101     |
| 39103     |
| 39105     |
| 39109     |
| 39111     |
| 39115     |
| 39117     |
| 39121     |
| 39123     |
| 39125     |
| 39127     |
| 39129     |
| 39131     |
| 39135     |
| 39137     |
| 39149     |
| 39159     |
| 39161     |
| 39163     |
| 39165     |
| 39171     |
| 39175     |
| 40001     |
| 40003     |
| 40005     |
| 40007     |
| 40009     |
| 40011     |
| 40015     |
| 40017     |
| 40019     |
| 40023     |
| 40025     |
| 40029     |
| 40033     |
| 40035     |
| 40037     |
| 40041     |
| 40043     |
| 40045     |
| 40047     |
| 40049     |
| 40053     |
| 40055     |
| 40057     |
| 40059     |
| 40061     |
| 40063     |
| 40065     |
| 40067     |
| 40069     |
| 40073     |
| 40075     |
| 40077     |
| 40079     |
| 40081     |
| 40085     |
| 40087     |
| 40089     |
| 40091     |
| 40093     |
| 40095     |
| 40097     |
| 40099     |
| 40101     |
| 40103     |
| 40105     |
| 40107     |
| 40113     |
| 40115     |
| 40117     |
| 40121     |
| 40127     |
| 40129     |
| 40133     |
| 40135     |
| 40137     |
| 40141     |
| 40145     |
| 40147     |
| 40149     |
| 40153     |
| 41001     |
| 41005     |
| 41007     |
| 41009     |
| 41011     |
| 41013     |
| 41015     |
| 41019     |
| 41021     |
| 41023     |
| 41025     |
| 41027     |
| 41031     |
| 41033     |
| 41037     |
| 41041     |
| 41043     |
| 41045     |
| 41049     |
| 41055     |
| 41057     |
| 41059     |
| 41063     |
| 41065     |
| 41069     |
| 42005     |
| 42009     |
| 42015     |
| 42023     |
| 42025     |
| 42047     |
| 42053     |
| 42057     |
| 42065     |
| 42067     |
| 42087     |
| 42093     |
| 42097     |
| 42099     |
| 42103     |
| 42105     |
| 42111     |
| 42113     |
| 42115     |
| 42121     |
| 42123     |
| 42127     |
| 42131     |
| 44003     |
| 45005     |
| 45009     |
| 45011     |
| 45015     |
| 45017     |
| 45023     |
| 45025     |
| 45027     |
| 45029     |
| 45033     |
| 45035     |
| 45037     |
| 45039     |
| 45043     |
| 45049     |
| 45053     |
| 45055     |
| 45057     |
| 45061     |
| 45063     |
| 45065     |
| 45067     |
| 45069     |
| 45073     |
| 45081     |
| 45085     |
| 45087     |
| 45089     |
| 46003     |
| 46005     |
| 46007     |
| 46009     |
| 46015     |
| 46017     |
| 46019     |
| 46021     |
| 46023     |
| 46025     |
| 46029     |
| 46031     |
| 46033     |
| 46035     |
| 46037     |
| 46039     |
| 46041     |
| 46043     |
| 46045     |
| 46047     |
| 46049     |
| 46051     |
| 46053     |
| 46055     |
| 46057     |
| 46059     |
| 46061     |
| 46063     |
| 46065     |
| 46067     |
| 46069     |
| 46071     |
| 46073     |
| 46075     |
| 46077     |
| 46083     |
| 46085     |
| 46087     |
| 46089     |
| 46091     |
| 46093     |
| 46095     |
| 46097     |
| 46101     |
| 46105     |
| 46107     |
| 46109     |
| 46111     |
| 46115     |
| 46117     |
| 46119     |
| 46123     |
| 46125     |
| 46127     |
| 46129     |
| 46137     |
| 47001     |
| 47005     |
| 47007     |
| 47015     |
| 47021     |
| 47023     |
| 47027     |
| 47029     |
| 47031     |
| 47033     |
| 47039     |
| 47041     |
| 47047     |
| 47049     |
| 47053     |
| 47057     |
| 47061     |
| 47067     |
| 47073     |
| 47075     |
| 47077     |
| 47081     |
| 47083     |
| 47085     |
| 47087     |
| 47091     |
| 47095     |
| 47099     |
| 47103     |
| 47105     |
| 47109     |
| 47111     |
| 47115     |
| 47117     |
| 47121     |
| 47123     |
| 47129     |
| 47131     |
| 47135     |
| 47137     |
| 47139     |
| 47143     |
| 47147     |
| 47153     |
| 47155     |
| 47159     |
| 47161     |
| 47171     |
| 47173     |
| 47175     |
| 47181     |
| 47185     |
| 47187     |
| 48001     |
| 48003     |
| 48005     |
| 48007     |
| 48009     |
| 48011     |
| 48013     |
| 48015     |
| 48017     |
| 48019     |
| 48021     |
| 48023     |
| 48025     |
| 48031     |
| 48033     |
| 48035     |
| 48045     |
| 48047     |
| 48051     |
| 48053     |
| 48055     |
| 48057     |
| 48059     |
| 48061     |
| 48063     |
| 48065     |
| 48067     |
| 48069     |
| 48071     |
| 48073     |
| 48075     |
| 48077     |
| 48079     |
| 48081     |
| 48083     |
| 48087     |
| 48089     |
| 48091     |
| 48093     |
| 48095     |
| 48097     |
| 48099     |
| 48101     |
| 48103     |
| 48105     |
| 48107     |
| 48109     |
| 48111     |
| 48115     |
| 48117     |
| 48119     |
| 48123     |
| 48125     |
| 48127     |
| 48129     |
| 48131     |
| 48133     |
| 48137     |
| 48139     |
| 48145     |
| 48147     |
| 48149     |
| 48151     |
| 48153     |
| 48155     |
| 48157     |
| 48159     |
| 48161     |
| 48163     |
| 48165     |
| 48169     |
| 48171     |
| 48173     |
| 48175     |
| 48177     |
| 48179     |
| 48185     |
| 48191     |
| 48193     |
| 48195     |
| 48197     |
| 48199     |
| 48205     |
| 48207     |
| 48211     |
| 48213     |
| 48221     |
| 48223     |
| 48225     |
| 48227     |
| 48229     |
| 48233     |
| 48235     |
| 48237     |
| 48239     |
| 48241     |
| 48243     |
| 48247     |
| 48249     |
| 48251     |
| 48253     |
| 48255     |
| 48257     |
| 48259     |
| 48261     |
| 48263     |
| 48267     |
| 48269     |
| 48271     |
| 48275     |
| 48277     |
| 48279     |
| 48281     |
| 48283     |
| 48285     |
| 48287     |
| 48289     |
| 48291     |
| 48293     |
| 48295     |
| 48297     |
| 48299     |
| 48301     |
| 48305     |
| 48307     |
| 48311     |
| 48313     |
| 48315     |
| 48317     |
| 48319     |
| 48321     |
| 48323     |
| 48325     |
| 48327     |
| 48331     |
| 48333     |
| 48335     |
| 48337     |
| 48339     |
| 48341     |
| 48343     |
| 48345     |
| 48349     |
| 48351     |
| 48353     |
| 48357     |
| 48359     |
| 48361     |
| 48363     |
| 48365     |
| 48367     |
| 48369     |
| 48371     |
| 48373     |
| 48375     |
| 48377     |
| 48379     |
| 48383     |
| 48385     |
| 48387     |
| 48389     |
| 48391     |
| 48393     |
| 48395     |
| 48397     |
| 48399     |
| 48401     |
| 48403     |
| 48405     |
| 48407     |
| 48409     |
| 48411     |
| 48413     |
| 48415     |
| 48417     |
| 48419     |
| 48421     |
| 48425     |
| 48427     |
| 48429     |
| 48431     |
| 48433     |
| 48435     |
| 48437     |
| 48443     |
| 48445     |
| 48447     |
| 48449     |
| 48455     |
| 48457     |
| 48459     |
| 48461     |
| 48463     |
| 48465     |
| 48467     |
| 48475     |
| 48481     |
| 48483     |
| 48487     |
| 48489     |
| 48493     |
| 48495     |
| 48497     |
| 48499     |
| 48501     |
| 48503     |
| 48505     |
| 48507     |
| 49001     |
| 49003     |
| 49007     |
| 49009     |
| 49011     |
| 49013     |
| 49015     |
| 49017     |
| 49019     |
| 49023     |
| 49025     |
| 49027     |
| 49029     |
| 49031     |
| 49033     |
| 49037     |
| 49041     |
| 49043     |
| 49045     |
| 49047     |
| 49051     |
| 49055     |
| 50009     |
| 50011     |
| 50013     |
| 51001     |
| 51003     |
| 51005     |
| 51007     |
| 51011     |
| 51015     |
| 51017     |
| 51019     |
| 51021     |
| 51023     |
| 51025     |
| 51027     |
| 51029     |
| 51033     |
| 51035     |
| 51036     |
| 51041     |
| 51043     |
| 51045     |
| 51047     |
| 51049     |
| 51051     |
| 51053     |
| 51057     |
| 51061     |
| 51063     |
| 51065     |
| 51071     |
| 51073     |
| 51075     |
| 51077     |
| 51079     |
| 51081     |
| 51083     |
| 51089     |
| 51091     |
| 51093     |
| 51095     |
| 51097     |
| 51099     |
| 51101     |
| 51103     |
| 51105     |
| 51107     |
| 51109     |
| 51111     |
| 51113     |
| 51115     |
| 51117     |
| 51119     |
| 51125     |
| 51127     |
| 51131     |
| 51133     |
| 51135     |
| 51137     |
| 51139     |
| 51141     |
| 51143     |
| 51145     |
| 51149     |
| 51153     |
| 51155     |
| 51157     |
| 51167     |
| 51169     |
| 51171     |
| 51173     |
| 51175     |
| 51177     |
| 51179     |
| 51181     |
| 51183     |
| 51187     |
| 51193     |
| 51197     |
| 51199     |
| 51510     |
| 51520     |
| 51530     |
| 51540     |
| 51550     |
| 51570     |
| 51580     |
| 51590     |
| 51595     |
| 51600     |
| 51610     |
| 51620     |
| 51630     |
| 51640     |
| 51650     |
| 51660     |
| 51670     |
| 51678     |
| 51680     |
| 51683     |
| 51685     |
| 51690     |
| 51700     |
| 51710     |
| 51720     |
| 51730     |
| 51735     |
| 51740     |
| 51750     |
| 51760     |
| 51770     |
| 51775     |
| 51790     |
| 51800     |
| 51810     |
| 51820     |
| 51840     |
| 53001     |
| 53003     |
| 53005     |
| 53013     |
| 53017     |
| 53019     |
| 53023     |
| 53025     |
| 53029     |
| 53031     |
| 53039     |
| 53043     |
| 53045     |
| 53047     |
| 53049     |
| 53051     |
| 53055     |
| 53059     |
| 53065     |
| 53069     |
| 54003     |
| 54005     |
| 54007     |
| 54013     |
| 54015     |
| 54017     |
| 54023     |
| 54027     |
| 54029     |
| 54031     |
| 54035     |
| 54041     |
| 54043     |
| 54045     |
| 54047     |
| 54051     |
| 54053     |
| 54059     |
| 54063     |
| 54065     |
| 54067     |
| 54071     |
| 54073     |
| 54075     |
| 54077     |
| 54079     |
| 54081     |
| 54085     |
| 54087     |
| 54089     |
| 54091     |
| 54093     |
| 54095     |
| 54099     |
| 54101     |
| 54103     |
| 54105     |
| 54109     |
| 55001     |
| 55005     |
| 55007     |
| 55011     |
| 55013     |
| 55015     |
| 55017     |
| 55019     |
| 55021     |
| 55023     |
| 55027     |
| 55029     |
| 55037     |
| 55041     |
| 55045     |
| 55047     |
| 55049     |
| 55051     |
| 55053     |
| 55057     |
| 55061     |
| 55065     |
| 55067     |
| 55069     |
| 55071     |
| 55073     |
| 55075     |
| 55077     |
| 55078     |
| 55081     |
| 55083     |
| 55085     |
| 55091     |
| 55095     |
| 55099     |
| 55101     |
| 55103     |
| 55107     |
| 55109     |
| 55111     |
| 55113     |
| 55115     |
| 55119     |
| 55121     |
| 55123     |
| 55125     |
| 55129     |
| 55131     |
| 55135     |
| 55137     |
| 55141     |
| 56003     |
| 56005     |
| 56007     |
| 56009     |
| 56011     |
| 56013     |
| 56017     |
| 56019     |
| 56021     |
| 56023     |
| 56027     |
| 56029     |
| 56031     |
| 56033     |
| 56035     |
| 56039     |
| 56041     |
| 56043     |
| 56045     |
+-----------+
mysql root@(none):covid_data> notee;
