mysql root@(none):covid_data> select distinct `County_ID` from `College` inner join `County` using(`County_ID`);

+-----------+
| County_ID |
+-----------+
| 1015      |
| 1031      |
| 1039      |
| 1055      |
| 1069      |
| 1073      |
| 1077      |
| 1081      |
| 1083      |
| 1087      |
| 1089      |
| 1095      |
| 1097      |
| 1101      |
| 1105      |
| 1109      |
| 1111      |
| 1113      |
| 1117      |
| 1119      |
| 1123      |
| 1125      |
| 1127      |
| 2090      |
| 2110      |
| 2185      |
| 4001      |
| 4005      |
| 4013      |
| 4015      |
| 4019      |
| 4025      |
| 4027      |
| 5007      |
| 5009      |
| 5019      |
| 5027      |
| 5029      |
| 5031      |
| 5043      |
| 5045      |
| 5051      |
| 5063      |
| 5067      |
| 5069      |
| 5071      |
| 5091      |
| 5093      |
| 5113      |
| 5115      |
| 5119      |
| 5121      |
| 5131      |
| 5133      |
| 5139      |
| 5143      |
| 5145      |
| 6001      |
| 6007      |
| 6013      |
| 6019      |
| 6023      |
| 6029      |
| 6037      |
| 6041      |
| 6047      |
| 6053      |
| 6059      |
| 6063      |
| 6065      |
| 6067      |
| 6071      |
| 6073      |
| 6075      |
| 6077      |
| 6079      |
| 6081      |
| 6083      |
| 6085      |
| 6087      |
| 6089      |
| 6095      |
| 6097      |
| 6099      |
| 6111      |
| 6113      |
| 8001      |
| 8003      |
| 8005      |
| 8013      |
| 8031      |
| 8041      |
| 8045      |
| 8051      |
| 8059      |
| 8067      |
| 8069      |
| 8071      |
| 8075      |
| 8077      |
| 8087      |
| 8089      |
| 8099      |
| 8101      |
| 8123      |
| 9001      |
| 9003      |
| 9007      |
| 9009      |
| 9011      |
| 9013      |
| 9015      |
| 10001     |
| 10003     |
| 10005     |
| 12001     |
| 12005     |
| 12009     |
| 12011     |
| 12015     |
| 12017     |
| 12021     |
| 12023     |
| 12031     |
| 12033     |
| 12035     |
| 12039     |
| 12055     |
| 12057     |
| 12063     |
| 12069     |
| 12071     |
| 12073     |
| 12079     |
| 12081     |
| 12083     |
| 12086     |
| 12087     |
| 12091     |
| 12095     |
| 12099     |
| 12101     |
| 12103     |
| 12105     |
| 12107     |
| 12109     |
| 12111     |
| 12113     |
| 12115     |
| 12117     |
| 12121     |
| 12123     |
| 12127     |
| 13009     |
| 13021     |
| 13031     |
| 13045     |
| 13051     |
| 13059     |
| 13063     |
| 13067     |
| 13069     |
| 13089     |
| 13095     |
| 13107     |
| 13115     |
| 13119     |
| 13121     |
| 13127     |
| 13135     |
| 13137     |
| 13139     |
| 13171     |
| 13185     |
| 13187     |
| 13215     |
| 13225     |
| 13245     |
| 13261     |
| 13277     |
| 13281     |
| 13285     |
| 13295     |
| 13313     |
| 15001     |
| 15003     |
| 15009     |
| 16001     |
| 16005     |
| 16027     |
| 16055     |
| 16057     |
| 16065     |
| 16069     |
| 16083     |
| 17001     |
| 17005     |
| 17019     |
| 17027     |
| 17029     |
| 17031     |
| 17037     |
| 17043     |
| 17077     |
| 17083     |
| 17089     |
| 17091     |
| 17095     |
| 17097     |
| 17109     |
| 17113     |
| 17115     |
| 17117     |
| 17119     |
| 17137     |
| 17143     |
| 17161     |
| 17163     |
| 17165     |
| 17167     |
| 17187     |
| 17197     |
| 17201     |
| 17203     |
| 18003     |
| 18005     |
| 18035     |
| 18039     |
| 18043     |
| 18051     |
| 18053     |
| 18067     |
| 18077     |
| 18081     |
| 18083     |
| 18085     |
| 18089     |
| 18095     |
| 18097     |
| 18105     |
| 18107     |
| 18127     |
| 18133     |
| 18141     |
| 18151     |
| 18157     |
| 18163     |
| 18167     |
| 18169     |
| 18177     |
| 19013     |
| 19017     |
| 19021     |
| 19053     |
| 19061     |
| 19065     |
| 19083     |
| 19087     |
| 19103     |
| 19113     |
| 19123     |
| 19125     |
| 19127     |
| 19153     |
| 19157     |
| 19163     |
| 19167     |
| 19169     |
| 19181     |
| 19191     |
| 19193     |
| 20001     |
| 20005     |
| 20015     |
| 20035     |
| 20037     |
| 20045     |
| 20051     |
| 20057     |
| 20079     |
| 20091     |
| 20099     |
| 20103     |
| 20111     |
| 20113     |
| 20155     |
| 20159     |
| 20161     |
| 20169     |
| 20173     |
| 20177     |
| 21001     |
| 21013     |
| 21015     |
| 21019     |
| 21021     |
| 21035     |
| 21037     |
| 21043     |
| 21047     |
| 21059     |
| 21067     |
| 21071     |
| 21073     |
| 21093     |
| 21095     |
| 21101     |
| 21107     |
| 21111     |
| 21113     |
| 21117     |
| 21119     |
| 21121     |
| 21131     |
| 21145     |
| 21151     |
| 21161     |
| 21193     |
| 21195     |
| 21199     |
| 21205     |
| 21209     |
| 21217     |
| 21227     |
| 21235     |
| 21239     |
| 22001     |
| 22005     |
| 22015     |
| 22017     |
| 22019     |
| 22033     |
| 22055     |
| 22057     |
| 22061     |
| 22069     |
| 22071     |
| 22073     |
| 22079     |
| 22087     |
| 22103     |
| 22105     |
| 22109     |
| 22119     |
| 23001     |
| 23003     |
| 23005     |
| 23007     |
| 23009     |
| 23011     |
| 23019     |
| 23029     |
| 23031     |
| 24001     |
| 24003     |
| 24005     |
| 24013     |
| 24021     |
| 24029     |
| 24033     |
| 24037     |
| 24039     |
| 24045     |
| 24510     |
| 25001     |
| 25003     |
| 25005     |
| 25009     |
| 25013     |
| 25015     |
| 25017     |
| 25021     |
| 25023     |
| 25025     |
| 25027     |
| 26007     |
| 26017     |
| 26021     |
| 26025     |
| 26033     |
| 26035     |
| 26041     |
| 26045     |
| 26049     |
| 26055     |
| 26057     |
| 26059     |
| 26061     |
| 26065     |
| 26073     |
| 26075     |
| 26077     |
| 26081     |
| 26091     |
| 26093     |
| 26103     |
| 26107     |
| 26111     |
| 26125     |
| 26139     |
| 26149     |
| 26161     |
| 26163     |
| 27003     |
| 27007     |
| 27013     |
| 27015     |
| 27017     |
| 27027     |
| 27035     |
| 27037     |
| 27041     |
| 27053     |
| 27061     |
| 27067     |
| 27071     |
| 27083     |
| 27099     |
| 27103     |
| 27109     |
| 27111     |
| 27113     |
| 27115     |
| 27119     |
| 27123     |
| 27131     |
| 27137     |
| 27145     |
| 27149     |
| 27159     |
| 27169     |
| 27173     |
| 28011     |
| 28035     |
| 28049     |
| 28063     |
| 28071     |
| 28083     |
| 28087     |
| 28093     |
| 28105     |
| 28117     |
| 28133     |
| 29001     |
| 29019     |
| 29021     |
| 29027     |
| 29031     |
| 29047     |
| 29051     |
| 29077     |
| 29089     |
| 29095     |
| 29101     |
| 29145     |
| 29147     |
| 29159     |
| 29161     |
| 29167     |
| 29183     |
| 29189     |
| 29213     |
| 29510     |
| 30001     |
| 30003     |
| 30013     |
| 30017     |
| 30021     |
| 30029     |
| 30031     |
| 30041     |
| 30047     |
| 30049     |
| 30063     |
| 30093     |
| 30111     |
| 31001     |
| 31019     |
| 31045     |
| 31053     |
| 31055     |
| 31109     |
| 31127     |
| 31151     |
| 31159     |
| 31179     |
| 32003     |
| 32007     |
| 32031     |
| 32510     |
| 33001     |
| 33005     |
| 33007     |
| 33009     |
| 33011     |
| 33013     |
| 33015     |
| 33017     |
| 33019     |
| 34001     |
| 34003     |
| 34007     |
| 34013     |
| 34015     |
| 34017     |
| 34021     |
| 34023     |
| 34025     |
| 34027     |
| 34029     |
| 34031     |
| 34039     |
| 34041     |
| 35001     |
| 35005     |
| 35013     |
| 35017     |
| 35031     |
| 35039     |
| 35041     |
| 35045     |
| 35047     |
| 35049     |
| 35053     |
| 36001     |
| 36003     |
| 36007     |
| 36009     |
| 36011     |
| 36013     |
| 36015     |
| 36019     |
| 36021     |
| 36023     |
| 36025     |
| 36027     |
| 36029     |
| 36033     |
| 36035     |
| 36037     |
| 36043     |
| 36045     |
| 36051     |
| 36053     |
| 36055     |
| 36059     |
| 36063     |
| 36065     |
| 36067     |
| 36069     |
| 36071     |
| 36075     |
| 36077     |
| 36083     |
| 36087     |
| 36089     |
| 36091     |
| 36093     |
| 36095     |
| 36099     |
| 36101     |
| 36103     |
| 36105     |
| 36109     |
| 36111     |
| 36113     |
| 36119     |
| 36123     |
| 37001     |
| 37011     |
| 37021     |
| 37035     |
| 37045     |
| 37051     |
| 37063     |
| 37067     |
| 37071     |
| 37081     |
| 37085     |
| 37091     |
| 37099     |
| 37115     |
| 37119     |
| 37127     |
| 37129     |
| 37135     |
| 37139     |
| 37147     |
| 37155     |
| 37159     |
| 37167     |
| 37175     |
| 37179     |
| 37183     |
| 37189     |
| 37191     |
| 37195     |
| 38003     |
| 38009     |
| 38015     |
| 38017     |
| 38035     |
| 38061     |
| 38071     |
| 38077     |
| 38085     |
| 38089     |
| 38097     |
| 38101     |
| 38105     |
| 39003     |
| 39005     |
| 39007     |
| 39009     |
| 39013     |
| 39017     |
| 39023     |
| 39027     |
| 39029     |
| 39035     |
| 39039     |
| 39041     |
| 39043     |
| 39045     |
| 39049     |
| 39055     |
| 39057     |
| 39061     |
| 39063     |
| 39065     |
| 39081     |
| 39083     |
| 39085     |
| 39087     |
| 39089     |
| 39093     |
| 39095     |
| 39099     |
| 39107     |
| 39113     |
| 39119     |
| 39133     |
| 39139     |
| 39141     |
| 39143     |
| 39145     |
| 39147     |
| 39151     |
| 39153     |
| 39155     |
| 39157     |
| 39167     |
| 39169     |
| 39173     |
| 40013     |
| 40021     |
| 40027     |
| 40031     |
| 40039     |
| 40051     |
| 40071     |
| 40083     |
| 40109     |
| 40111     |
| 40119     |
| 40123     |
| 40125     |
| 40131     |
| 40139     |
| 40143     |
| 40151     |
| 41003     |
| 41017     |
| 41029     |
| 41035     |
| 41039     |
| 41047     |
| 41051     |
| 41053     |
| 41061     |
| 41067     |
| 41071     |
| 42001     |
| 42003     |
| 42007     |
| 42011     |
| 42013     |
| 42017     |
| 42019     |
| 42021     |
| 42027     |
| 42029     |
| 42031     |
| 42033     |
| 42035     |
| 42037     |
| 42039     |
| 42041     |
| 42043     |
| 42045     |
| 42049     |
| 42051     |
| 42055     |
| 42059     |
| 42061     |
| 42063     |
| 42069     |
| 42071     |
| 42073     |
| 42075     |
| 42077     |
| 42079     |
| 42081     |
| 42083     |
| 42085     |
| 42089     |
| 42091     |
| 42095     |
| 42101     |
| 42107     |
| 42109     |
| 42117     |
| 42119     |
| 42125     |
| 42129     |
| 42133     |
| 44001     |
| 44005     |
| 44007     |
| 44009     |
| 45001     |
| 45003     |
| 45007     |
| 45013     |
| 45019     |
| 45021     |
| 45031     |
| 45041     |
| 45045     |
| 45047     |
| 45051     |
| 45059     |
| 45071     |
| 45075     |
| 45077     |
| 45079     |
| 45083     |
| 45091     |
| 46011     |
| 46013     |
| 46027     |
| 46079     |
| 46081     |
| 46099     |
| 46102     |
| 46103     |
| 46121     |
| 46135     |
| 47003     |
| 47009     |
| 47011     |
| 47013     |
| 47017     |
| 47019     |
| 47025     |
| 47035     |
| 47037     |
| 47043     |
| 47045     |
| 47051     |
| 47055     |
| 47059     |
| 47063     |
| 47065     |
| 47069     |
| 47071     |
| 47079     |
| 47089     |
| 47093     |
| 47097     |
| 47101     |
| 47107     |
| 47113     |
| 47119     |
| 47125     |
| 47127     |
| 47133     |
| 47141     |
| 47145     |
| 47149     |
| 47151     |
| 47157     |
| 47163     |
| 47165     |
| 47167     |
| 47169     |
| 47177     |
| 47179     |
| 47183     |
| 47189     |
| 48027     |
| 48029     |
| 48037     |
| 48039     |
| 48041     |
| 48043     |
| 48049     |
| 48085     |
| 48113     |
| 48121     |
| 48135     |
| 48141     |
| 48143     |
| 48167     |
| 48181     |
| 48183     |
| 48187     |
| 48189     |
| 48201     |
| 48203     |
| 48209     |
| 48215     |
| 48217     |
| 48219     |
| 48231     |
| 48245     |
| 48265     |
| 48273     |
| 48303     |
| 48309     |
| 48329     |
| 48347     |
| 48355     |
| 48381     |
| 48423     |
| 48439     |
| 48441     |
| 48451     |
| 48453     |
| 48469     |
| 48471     |
| 48473     |
| 48477     |
| 48479     |
| 48485     |
| 48491     |
| 49005     |
| 49021     |
| 49035     |
| 49039     |
| 49049     |
| 49053     |
| 49057     |
| 50001     |
| 50003     |
| 50005     |
| 50007     |
| 50015     |
| 50017     |
| 50019     |
| 50021     |
| 50023     |
| 50025     |
| 50027     |
| 51009     |
| 51013     |
| 51031     |
| 51037     |
| 51059     |
| 51067     |
| 51069     |
| 51085     |
| 51087     |
| 51121     |
| 51147     |
| 51159     |
| 51161     |
| 51163     |
| 51165     |
| 51185     |
| 51191     |
| 51195     |
| 51830     |
| 53007     |
| 53009     |
| 53011     |
| 53015     |
| 53021     |
| 53027     |
| 53033     |
| 53035     |
| 53037     |
| 53041     |
| 53053     |
| 53057     |
| 53061     |
| 53063     |
| 53067     |
| 53071     |
| 53073     |
| 53075     |
| 53077     |
| 54001     |
| 54009     |
| 54011     |
| 54019     |
| 54021     |
| 54025     |
| 54033     |
| 54037     |
| 54039     |
| 54049     |
| 54055     |
| 54057     |
| 54061     |
| 54069     |
| 54083     |
| 54097     |
| 54107     |
| 55003     |
| 55009     |
| 55025     |
| 55031     |
| 55033     |
| 55035     |
| 55039     |
| 55043     |
| 55055     |
| 55059     |
| 55063     |
| 55079     |
| 55087     |
| 55089     |
| 55093     |
| 55097     |
| 55105     |
| 55117     |
| 55127     |
| 55133     |
| 55139     |
| 56001     |
| 56015     |
| 56025     |
| 56037     |
+-----------+
mysql root@(none):covid_data> notee;
