mysql root@(none):covid_data> select cdc.`County_ID`, max(cdc.`Cases`) as `Cases`, max(cdc.`Deaths`) as `Deaths`, c.`Always_Mask` from `County` as c join `County_Date_Cases` as cdc where cdc.`County_ID` = c.`County_ID` group by cdc.`County_ID` having (c.`Always_Mask` > 0.75) order by max(cdc.`Cases`) desc;
+-----------+---------+--------+-------------+
| County_ID | Cases   | Deaths | Always_Mask |
+-----------+---------+--------+-------------+
| 6037      | 1203799 | 22029  | 0.786       |
| 12086     | 419478  | 5558   | 0.756       |
| 6065      | 290904  | 3892   | 0.803       |
| 6071      | 287867  | 3153   | 0.768       |
| 48113     | 284010  | 3549   | 0.757       |
| 6073      | 262844  | 3385   | 0.800       |
| 6059      | 262674  | 4226   | 0.754       |
| 12011     | 199643  | 2465   | 0.791       |
| 48029     | 198580  | 3038   | 0.822       |
| 36103     | 166497  | 3125   | 0.782       |
| 36059     | 152646  | 2956   | 0.779       |
| 48141     | 125372  | 2407   | 0.877       |
| 12099     | 123302  | 2510   | 0.784       |
| 42101     | 119874  | 3177   | 0.794       |
| 25017     | 113553  | 3493   | 0.798       |
| 6085      | 111814  | 1823   | 0.764       |
| 4019      | 110487  | 2261   | 0.759       |
| 36119     | 110329  | 2125   | 0.798       |
| 25009     | 84740   | 2202   | 0.788       |
| 44007     | 83108   | 1846   | 0.754       |
| 9001      | 81783   | 2074   | 0.780       |
| 6001      | 81366   | 1292   | 0.795       |
| 34003     | 80339   | 2638   | 0.762       |
| 25025     | 79597   | 1720   | 0.788       |
| 48215     | 78770   | 2679   | 0.826       |
| 6111      | 78439   | 883    | 0.777       |
| 42003     | 78220   | 1755   | 0.761       |
| 17043     | 77882   | 1290   | 0.760       |
| 48453     | 76638   | 882    | 0.795       |
| 34023     | 74641   | 2126   | 0.765       |
| 9009      | 72947   | 1933   | 0.795       |
| 9003      | 71020   | 2299   | 0.767       |
| 36029     | 66818   | 1618   | 0.766       |
| 25027     | 66482   | 2060   | 0.768       |
| 24031     | 64032   | 1426   | 0.777       |
| 6013      | 63400   | 708    | 0.806       |
| 34029     | 60663   | 1890   | 0.772       |
| 17097     | 60155   | 1005   | 0.769       |
| 48157     | 59290   | 582    | 0.774       |
| 34025     | 59141   | 1423   | 0.764       |
| 34031     | 58331   | 1709   | 0.756       |
| 42091     | 55218   | 1569   | 0.761       |
| 36055     | 53392   | 998    | 0.785       |
| 35001     | 53036   | 874    | 0.758       |
| 24005     | 51764   | 1293   | 0.777       |
| 10003     | 50614   | 728    | 0.786       |
| 25021     | 46319   | 1651   | 0.805       |
| 42017     | 46156   | 1145   | 0.805       |
| 34007     | 44972   | 1178   | 0.802       |
| 48479     | 42757   | 788    | 0.767       |
| 25013     | 42626   | 1371   | 0.786       |
| 6053      | 42404   | 331    | 0.763       |
| 42045     | 41765   | 1293   | 0.814       |
| 25023     | 40952   | 1324   | 0.812       |
| 51153     | 39936   | 451    | 0.761       |
| 6081      | 39384   | 525    | 0.786       |
| 48355     | 38168   | 725    | 0.835       |
| 48061     | 37566   | 1491   | 0.813       |
| 4027      | 36564   | 799    | 0.804       |
| 34005     | 36206   | 756    | 0.779       |
| 6075      | 34563   | 432    | 0.817       |
| 36067     | 32798   | 636    | 0.756       |
| 42077     | 31262   | 780    | 0.826       |
| 42029     | 31224   | 732    | 0.820       |
| 6097      | 28484   | 303    | 0.795       |
| 34021     | 28400   | 887    | 0.757       |
| 17163     | 28389   | 515    | 0.767       |
| 42095     | 27446   | 652    | 0.822       |
| 6025      | 27009   | 638    | 0.836       |
| 42079     | 25248   | 743    | 0.779       |
| 34035     | 23534   | 789    | 0.791       |
| 51107     | 23472   | 253    | 0.763       |
| 35013     | 23235   | 403    | 0.812       |
| 36027     | 23006   | 413    | 0.854       |
| 10005     | 22918   | 441    | 0.856       |
| 12001     | 22599   | 236    | 0.751       |
| 15003     | 22367   | 353    | 0.798       |
| 37063     | 22259   | 210    | 0.832       |
| 6031      | 22184   | 227    | 0.766       |
| 41067     | 21400   | 218    | 0.756       |
| 36001     | 21239   | 335    | 0.788       |
| 36065     | 19928   | 481    | 0.774       |
| 48209     | 18318   | 227    | 0.855       |
| 42049     | 17616   | 383    | 0.766       |
| 24021     | 17205   | 282    | 0.762       |
| 6039      | 15646   | 214    | 0.751       |
| 44003     | 15508   | 326    | 0.807       |
| 36007     | 15461   | 339    | 0.812       |
| 53005     | 15169   | 208    | 0.761       |
| 6087      | 14790   | 187    | 0.797       |
| 10001     | 14627   | 304    | 0.811       |
| 34011     | 14516   | 377    | 0.762       |
| 42069     | 14228   | 427    | 0.843       |
| 48187     | 13480   | 195    | 0.794       |
| 6041      | 13289   | 198    | 0.802       |
| 42027     | 13156   | 213    | 0.792       |
| 6113      | 12951   | 185    | 0.791       |
| 24025     | 12704   | 240    | 0.778       |
| 36091     | 12245   | 149    | 0.751       |
| 51700     | 11735   | 190    | 0.772       |
| 17093     | 11509   | 96     | 0.788       |
| 9005      | 11293   | 281    | 0.812       |
| 53021     | 11247   | 101    | 0.753       |
| 36093     | 11039   | 178    | 0.841       |
| 35043     | 10961   | 208    | 0.762       |
| 9007      | 10594   | 342    | 0.807       |
| 36111     | 10331   | 232    | 0.818       |
| 25001     | 10329   | 413    | 0.839       |
| 42089     | 9955    | 272    | 0.822       |
| 35049     | 9864    | 140    | 0.803       |
| 36083     | 9233    | 132    | 0.751       |
| 6055      | 9130    | 75     | 0.773       |
| 48427     | 9003    | 276    | 0.831       |
| 51650     | 8825    | 129    | 0.771       |
| 36079     | 8565    | 86     | 0.852       |
| 17037     | 8520    | 120    | 0.756       |
| 51177     | 8439    | 102    | 0.785       |
| 9013      | 7972    | 170    | 0.810       |
| 48469     | 7958    | 180    | 0.757       |
| 44009     | 7867    | 160    | 0.807       |
| 37135     | 7827    | 95     | 0.801       |
| 48465     | 7717    | 198    | 0.784       |
| 4023      | 7656    | 170    | 0.837       |
| 25015     | 7645    | 266    | 0.857       |
| 34019     | 7165    | 164    | 0.804       |
| 24045     | 6821    | 143    | 0.804       |
| 36075     | 6119    | 89     | 0.766       |
| 12087     | 5986    | 46     | 0.819       |
| 36069     | 5914    | 90     | 0.849       |
| 53035     | 5863    | 87     | 0.786       |
| 48013     | 5436    | 141    | 0.802       |
| 48055     | 5229    | 89     | 0.751       |
| 44005     | 5215    | 36     | 0.815       |
| 24037     | 5201    | 115    | 0.763       |
| 51003     | 4973    | 72     | 0.810       |
| 42025     | 4943    | 152    | 0.764       |
| 36045     | 4910    | 63     | 0.780       |
| 25003     | 4901    | 262    | 0.834       |
| 36105     | 4891    | 60     | 0.817       |
| 48325     | 4693    | 97     | 0.753       |
| 36043     | 4609    | 107    | 0.758       |
| 36117     | 4540    | 65     | 0.789       |
| 36009     | 4499    | 77     | 0.793       |
| 36037     | 4483    | 119    | 0.781       |
| 44001     | 4247    | 134    | 0.827       |
| 21209     | 4214    | 26     | 0.759       |
| 37037     | 4166    | 78     | 0.766       |
| 48409     | 4072    | 139    | 0.838       |
| 51061     | 4020    | 57     | 0.772       |
| 36053     | 3896    | 85     | 0.832       |
| 6045      | 3842    | 44     | 0.770       |
| 36019     | 3788    | 27     | 0.773       |
| 51540     | 3672    | 47     | 0.833       |
| 36051     | 3611    | 56     | 0.835       |
| 36109     | 3523    | 43     | 0.833       |
| 48025     | 3459    | 65     | 0.753       |
| 36021     | 3456    | 96     | 0.848       |
| 35006     | 3409    | 105    | 0.839       |
| 24047     | 3284    | 93     | 0.842       |
| 6023      | 3266    | 33     | 0.865       |
| 36023     | 3241    | 60     | 0.803       |
| 6033      | 3189    | 41     | 0.849       |
| 42127     | 3129    | 68     | 0.828       |
| 51199     | 3114    | 39     | 0.786       |
| 8117      | 3073    | 8      | 0.784       |
| 42083     | 3073    | 64     | 0.820       |
| 15009     | 2960    | 35     | 0.803       |
| 36003     | 2930    | 81     | 0.771       |
| 36121     | 2885    | 49     | 0.861       |
| 36107     | 2864    | 56     | 0.839       |
| 36039     | 2709    | 71     | 0.788       |
| 48293     | 2658    | 66     | 0.762       |
| 42103     | 2639    | 48     | 0.777       |
| 48177     | 2627    | 52     | 0.828       |
| 51001     | 2625    | 35     | 0.824       |
| 36077     | 2486    | 43     | 0.779       |
| 48489     | 2464    | 80     | 0.820       |
| 24039     | 2401    | 32     | 0.812       |
| 41003     | 2377    | 18     | 0.770       |
| 24019     | 2376    | 45     | 0.844       |
| 15001     | 2305    | 53     | 0.799       |
| 36049     | 2103    | 30     | 0.765       |
| 24011     | 2058    | 20     | 0.770       |
| 25011     | 2016    | 101    | 0.762       |
| 24041     | 1907    | 35     | 0.843       |
| 48123     | 1871    | 57     | 0.827       |
| 51630     | 1792    | 22     | 0.784       |
| 48505     | 1742    | 29     | 0.779       |
| 42115     | 1735    | 54     | 0.822       |
| 48115     | 1711    | 68     | 0.759       |
| 36099     | 1655    | 54     | 0.864       |
| 21017     | 1568    | 12     | 0.769       |
| 35055     | 1556    | 49     | 0.785       |
| 21097     | 1532    | 9      | 0.804       |
| 50003     | 1497    | 9      | 0.770       |
| 53029     | 1363    | 27     | 0.759       |
| 6027      | 1312    | 37     | 0.889       |
| 51065     | 1308    | 16     | 0.772       |
| 8049      | 1289    | 6      | 0.754       |
| 36095     | 1251    | 13     | 0.825       |
| 35047     | 1245    | 13     | 0.800       |
| 51075     | 1234    | 17     | 0.761       |
| 6051      | 1198    | 4      | 0.880       |
| 42131     | 1188    | 42     | 0.836       |
| 25019     | 1182    | 2      | 0.792       |
| 41041     | 1140    | 20     | 0.810       |
| 36123     | 1024    | 26     | 0.884       |
| 25007     | 875     | 0      | 0.786       |
| 48377     | 797     | 24     | 0.789       |
| 41007     | 779     | 6      | 0.797       |
| 13273     | 772     | 43     | 0.755       |
| 51131     | 727     | 34     | 0.761       |
| 48031     | 687     | 18     | 0.788       |
| 8065      | 661     | 0      | 0.753       |
| 35019     | 615     | 9      | 0.766       |
| 51115     | 556     | 11     | 0.760       |
| 48229     | 503     | 11     | 0.880       |
| 51610     | 359     | 9      | 0.765       |
| 53043     | 341     | 5      | 0.765       |
| 53031     | 338     | 2      | 0.754       |
| 42113     | 315     | 19     | 0.760       |
| 32021     | 303     | 6      | 0.755       |
| 53059     | 256     | 1      | 0.760       |
| 15007     | 188     | 1      | 0.825       |
| 48243     | 188     | 2      | 0.763       |
| 8047      | 172     | 3      | 0.785       |
| 35033     | 162     | 6      | 0.806       |
| 35003     | 83      | 5      | 0.762       |
| 32029     | 81      | 3      | 0.782       |
| 32009     | 37      | 0      | 0.872       |
| 48261     | 33      | 2      | 0.772       |
| 15005     | 1       | 0      | 0.850       |
+-----------+---------+--------+-------------+
mysql root@(none):covid_data> notee;
