mysql root@(none):covid_data> select c.`County_ID`, c.`Name`, c.`Never_Mask`, c.`Rarely_Mask` from `County` as c having (c.`Never_Mask` + c.`Rarely_Mask`) < 0.1;
+-----------+----------------------------+------------+-------------+
| County_ID | Name                       | Never_Mask | Rarely_Mask |
+-----------+----------------------------+------------+-------------+
| 1007      | Bibb                       | 0.020      | 0.034       |
| 1011      | Bullock                    | 0.031      | 0.040       |
| 1023      | Choctaw                    | 0.049      | 0.038       |
| 1063      | Greene                     | 0.030      | 0.053       |
| 1065      | Hale                       | 0.026      | 0.061       |
| 1073      | Jefferson                  | 0.049      | 0.037       |
| 1087      | Macon                      | 0.008      | 0.033       |
| 1107      | Pickens                    | 0.031      | 0.060       |
| 1117      | Shelby                     | 0.022      | 0.075       |
| 1125      | Tuscaloosa                 | 0.041      | 0.036       |
| 1129      | Washington                 | 0.018      | 0.077       |
| 2013      | Aleutians East Borough     | 0.067      | 0.032       |
| 2020      | Anchorage                  | 0.042      | 0.050       |
| 2070      | Dillingham Census Area     | 0.072      | 0.025       |
| 2122      | Kenai Peninsula Borough    | 0.043      | 0.047       |
| 2150      | Kodiak Island Borough      | 0.042      | 0.043       |
| 2170      | Matanuska-Susitna Borough  | 0.042      | 0.051       |
| 2185      | North Slope Borough        | 0.036      | 0.059       |
| 2230      | Skagway Municipality       | 0.058      | 0.038       |
| 2261      | Valdez-Cordova Census Area | 0.040      | 0.049       |
| 2290      | Yukon-Koyukuk Census Area  | 0.044      | 0.047       |
| 4003      | Cochise                    | 0.053      | 0.025       |
| 4007      | Gila                       | 0.073      | 0.014       |
| 4012      | La Paz                     | 0.031      | 0.064       |
| 4013      | Maricopa                   | 0.023      | 0.025       |
| 4019      | Pima                       | 0.023      | 0.024       |
| 4021      | Pinal                      | 0.033      | 0.055       |
| 4023      | Santa Cruz                 | 0.028      | 0.002       |
| 4027      | Yuma                       | 0.008      | 0.013       |
| 5001      | Arkansas                   | 0.019      | 0.073       |
| 5035      | Crittenden                 | 0.059      | 0.017       |
| 5045      | Faulkner                   | 0.066      | 0.027       |
| 5069      | Jefferson                  | 0.042      | 0.036       |
| 5079      | Lincoln                    | 0.035      | 0.016       |
| 5085      | Lonoke                     | 0.048      | 0.045       |
| 5119      | Pulaski                    | 0.028      | 0.027       |
| 5123      | St. Francis                | 0.087      | 0.007       |
| 5141      | Van Buren                  | 0.033      | 0.060       |
| 5143      | Washington                 | 0.034      | 0.028       |
| 5145      | White                      | 0.026      | 0.054       |
| 6001      | Alameda                    | 0.019      | 0.008       |
| 6005      | Amador                     | 0.045      | 0.013       |
| 6007      | Butte                      | 0.015      | 0.043       |
| 6009      | Calaveras                  | 0.045      | 0.019       |
| 6011      | Colusa                     | 0.027      | 0.031       |
| 6013      | Contra Costa               | 0.018      | 0.016       |
| 6017      | El Dorado                  | 0.028      | 0.042       |
| 6019      | Fresno                     | 0.021      | 0.022       |
| 6021      | Glenn                      | 0.028      | 0.026       |
| 6023      | Humboldt                   | 0.042      | 0.006       |
| 6025      | Imperial                   | 0.001      | 0.005       |
| 6027      | Inyo                       | 0.033      | 0.011       |
| 6029      | Kern                       | 0.022      | 0.028       |
| 6031      | Kings                      | 0.075      | 0.016       |
| 6033      | Lake                       | 0.003      | 0.004       |
| 6037      | Los Angeles                | 0.021      | 0.013       |
| 6039      | Madera                     | 0.019      | 0.059       |
| 6041      | Marin                      | 0.011      | 0.000       |
| 6045      | Mendocino                  | 0.002      | 0.003       |
| 6047      | Merced                     | 0.026      | 0.036       |
| 6049      | Modoc                      | 0.068      | 0.019       |
| 6051      | Mono                       | 0.011      | 0.026       |
| 6053      | Monterey                   | 0.023      | 0.006       |
| 6055      | Napa                       | 0.017      | 0.026       |
| 6057      | Nevada                     | 0.003      | 0.054       |
| 6059      | Orange                     | 0.023      | 0.021       |
| 6061      | Placer                     | 0.012      | 0.023       |
| 6065      | Riverside                  | 0.026      | 0.014       |
| 6067      | Sacramento                 | 0.025      | 0.028       |
| 6069      | San Benito                 | 0.018      | 0.004       |
| 6071      | San Bernardino             | 0.027      | 0.022       |
| 6073      | San Diego                  | 0.017      | 0.023       |
| 6075      | San Francisco              | 0.017      | 0.011       |
| 6077      | San Joaquin                | 0.054      | 0.019       |
| 6079      | San Luis Obispo            | 0.025      | 0.024       |
| 6081      | San Mateo                  | 0.016      | 0.013       |
| 6083      | Santa Barbara              | 0.015      | 0.020       |
| 6085      | Santa Clara                | 0.015      | 0.014       |
| 6087      | Santa Cruz                 | 0.008      | 0.000       |
| 6095      | Solano                     | 0.043      | 0.046       |
| 6097      | Sonoma                     | 0.022      | 0.012       |
| 6099      | Stanislaus                 | 0.032      | 0.028       |
| 6101      | Sutter                     | 0.058      | 0.031       |
| 6107      | Tulare                     | 0.025      | 0.039       |
| 6109      | Tuolumne                   | 0.008      | 0.043       |
| 6111      | Ventura                    | 0.024      | 0.011       |
| 6113      | Yolo                       | 0.007      | 0.005       |
| 6115      | Yuba                       | 0.057      | 0.035       |
| 8001      | Adams                      | 0.032      | 0.027       |
| 8005      | Arapahoe                   | 0.013      | 0.026       |
| 8007      | Archuleta                  | 0.041      | 0.041       |
| 8011      | Bent                       | 0.033      | 0.036       |
| 8013      | Boulder                    | 0.008      | 0.015       |
| 8014      | Broomfield                 | 0.018      | 0.005       |
| 8015      | Chaffee                    | 0.038      | 0.045       |
| 8019      | Clear Creek                | 0.002      | 0.015       |
| 8025      | Crowley                    | 0.002      | 0.034       |
| 8031      | Denver                     | 0.020      | 0.018       |
| 8033      | Dolores                    | 0.052      | 0.039       |
| 8035      | Douglas                    | 0.013      | 0.041       |
| 8037      | Eagle                      | 0.008      | 0.003       |
| 8039      | Elbert                     | 0.016      | 0.044       |
| 8043      | Fremont                    | 0.006      | 0.069       |
| 8047      | Gilpin                     | 0.001      | 0.027       |
| 8049      | Grand                      | 0.006      | 0.002       |
| 8051      | Gunnison                   | 0.057      | 0.039       |
| 8053      | Hinsdale                   | 0.043      | 0.050       |
| 8055      | Huerfano                   | 0.028      | 0.051       |
| 8057      | Jackson                    | 0.021      | 0.027       |
| 8059      | Jefferson                  | 0.028      | 0.031       |
| 8061      | Kiowa                      | 0.028      | 0.051       |
| 8065      | Lake                       | 0.002      | 0.016       |
| 8067      | La Plata                   | 0.043      | 0.020       |
| 8069      | Larimer                    | 0.013      | 0.037       |
| 8071      | Las Animas                 | 0.052      | 0.030       |
| 8073      | Lincoln                    | 0.013      | 0.068       |
| 8083      | Montezuma                  | 0.057      | 0.019       |
| 8089      | Otero                      | 0.004      | 0.047       |
| 8093      | Park                       | 0.021      | 0.018       |
| 8097      | Pitkin                     | 0.019      | 0.014       |
| 8101      | Pueblo                     | 0.018      | 0.044       |
| 8107      | Routt                      | 0.008      | 0.036       |
| 8111      | San Juan                   | 0.032      | 0.038       |
| 8117      | Summit                     | 0.000      | 0.001       |
| 8123      | Weld                       | 0.046      | 0.038       |
| 9001      | Fairfield                  | 0.027      | 0.019       |
| 9003      | Hartford                   | 0.015      | 0.023       |
| 9005      | Litchfield                 | 0.017      | 0.051       |
| 9007      | Middlesex                  | 0.003      | 0.007       |
| 9009      | New Haven                  | 0.023      | 0.014       |
| 9011      | New London                 | 0.025      | 0.021       |
| 9013      | Tolland                    | 0.008      | 0.008       |
| 9015      | Windham                    | 0.022      | 0.041       |
| 10001     | Kent                       | 0.026      | 0.006       |
| 10003     | New Castle                 | 0.027      | 0.013       |
| 10005     | Sussex                     | 0.005      | 0.001       |
| 11001     | District of Columbia       | 0.012      | 0.013       |
| 12001     | Alachua                    | 0.001      | 0.024       |
| 12011     | Broward                    | 0.026      | 0.023       |
| 12013     | Calhoun                    | 0.034      | 0.055       |
| 12021     | Collier                    | 0.040      | 0.023       |
| 12023     | Columbia                   | 0.047      | 0.026       |
| 12027     | DeSoto                     | 0.023      | 0.064       |
| 12031     | Duval                      | 0.049      | 0.042       |
| 12033     | Escambia                   | 0.019      | 0.052       |
| 12039     | Gadsden                    | 0.060      | 0.033       |
| 12051     | Hendry                     | 0.046      | 0.042       |
| 12055     | Highlands                  | 0.025      | 0.056       |
| 12057     | Hillsborough               | 0.023      | 0.031       |
| 12065     | Jefferson                  | 0.019      | 0.017       |
| 12073     | Leon                       | 0.051      | 0.022       |
| 12077     | Liberty                    | 0.022      | 0.023       |
| 12085     | Martin                     | 0.027      | 0.018       |
| 12086     | Miami-Dade                 | 0.032      | 0.023       |
| 12087     | Monroe                     | 0.007      | 0.001       |
| 12093     | Okeechobee                 | 0.016      | 0.034       |
| 12095     | Orange                     | 0.020      | 0.020       |
| 12097     | Osceola                    | 0.025      | 0.022       |
| 12099     | Palm Beach                 | 0.030      | 0.020       |
| 12101     | Pasco                      | 0.027      | 0.029       |
| 12103     | Pinellas                   | 0.025      | 0.019       |
| 12111     | St. Lucie                  | 0.077      | 0.022       |
| 12115     | Sarasota                   | 0.017      | 0.031       |
| 12117     | Seminole                   | 0.037      | 0.039       |
| 12119     | Sumter                     | 0.037      | 0.036       |
| 12125     | Union                      | 0.044      | 0.040       |
| 13007     | Baker                      | 0.027      | 0.048       |
| 13029     | Bryan                      | 0.033      | 0.039       |
| 13037     | Calhoun                    | 0.013      | 0.035       |
| 13043     | Candler                    | 0.037      | 0.045       |
| 13051     | Chatham                    | 0.035      | 0.040       |
| 13061     | Clay                       | 0.028      | 0.066       |
| 13063     | Clayton                    | 0.038      | 0.054       |
| 13067     | Cobb                       | 0.039      | 0.049       |
| 13089     | DeKalb                     | 0.036      | 0.028       |
| 13095     | Dougherty                  | 0.033      | 0.037       |
| 13117     | Forsyth                    | 0.035      | 0.048       |
| 13121     | Fulton                     | 0.026      | 0.036       |
| 13135     | Gwinnett                   | 0.036      | 0.054       |
| 13177     | Lee                        | 0.035      | 0.033       |
| 13243     | Randolph                   | 0.016      | 0.065       |
| 13273     | Terrell                    | 0.019      | 0.029       |
| 13307     | Webster                    | 0.019      | 0.064       |
| 15001     | Hawaii                     | 0.010      | 0.032       |
| 15003     | Honolulu                   | 0.011      | 0.012       |
| 15005     | Kalawao                    | 0.026      | 0.013       |
| 15007     | Kauai                      | 0.000      | 0.021       |
| 15009     | Maui                       | 0.034      | 0.016       |
| 16009     | Benewah                    | 0.038      | 0.059       |
| 16015     | Boise                      | 0.057      | 0.038       |
| 16037     | Custer                     | 0.069      | 0.029       |
| 16057     | Latah                      | 0.002      | 0.012       |
| 16069     | Nez Perce                  | 0.009      | 0.030       |
| 17007     | Boone                      | 0.025      | 0.006       |
| 17011     | Bureau                     | 0.012      | 0.019       |
| 17015     | Carroll                    | 0.030      | 0.064       |
| 17019     | Champaign                  | 0.000      | 0.067       |
| 17031     | Cook                       | 0.023      | 0.021       |
| 17037     | DeKalb                     | 0.007      | 0.012       |
| 17043     | DuPage                     | 0.010      | 0.010       |
| 17053     | Ford                       | 0.011      | 0.082       |
| 17057     | Fulton                     | 0.016      | 0.030       |
| 17089     | Kane                       | 0.013      | 0.026       |
| 17093     | Kendall                    | 0.001      | 0.009       |
| 17095     | Knox                       | 0.035      | 0.031       |
| 17097     | Lake                       | 0.020      | 0.018       |
| 17099     | LaSalle                    | 0.018      | 0.046       |
| 17103     | Lee                        | 0.013      | 0.054       |
| 17107     | Logan                      | 0.046      | 0.045       |
| 17111     | McHenry                    | 0.030      | 0.012       |
| 17115     | Macon                      | 0.016      | 0.062       |
| 17117     | Macoupin                   | 0.015      | 0.050       |
| 17119     | Madison                    | 0.035      | 0.045       |
| 17133     | Monroe                     | 0.003      | 0.040       |
| 17135     | Montgomery                 | 0.018      | 0.050       |
| 17141     | Ogle                       | 0.053      | 0.045       |
| 17143     | Peoria                     | 0.039      | 0.036       |
| 17147     | Piatt                      | 0.003      | 0.052       |
| 17155     | Putnam                     | 0.021      | 0.025       |
| 17157     | Randolph                   | 0.008      | 0.032       |
| 17163     | St. Clair                  | 0.032      | 0.027       |
| 17167     | Sangamon                   | 0.017      | 0.030       |
| 17177     | Stephenson                 | 0.036      | 0.059       |
| 17179     | Tazewell                   | 0.044      | 0.040       |
| 17187     | Warren                     | 0.042      | 0.020       |
| 17195     | Whiteside                  | 0.025      | 0.066       |
| 17197     | Will                       | 0.041      | 0.024       |
| 17201     | Winnebago                  | 0.031      | 0.030       |
| 18067     | Howard                     | 0.008      | 0.083       |
| 18105     | Monroe                     | 0.037      | 0.037       |
| 18141     | St. Joseph                 | 0.031      | 0.040       |
| 18173     | Warrick                    | 0.045      | 0.038       |
| 19013     | Black Hawk                 | 0.032      | 0.053       |
| 19075     | Grundy                     | 0.038      | 0.042       |
| 19103     | Johnson                    | 0.014      | 0.044       |
| 20045     | Douglas                    | 0.006      | 0.009       |
| 20087     | Jefferson                  | 0.026      | 0.069       |
| 20091     | Johnson                    | 0.029      | 0.019       |
| 20117     | Marshall                   | 0.048      | 0.049       |
| 20149     | Pottawatomie               | 0.012      | 0.057       |
| 20161     | Riley                      | 0.030      | 0.050       |
| 20177     | Shawnee                    | 0.009      | 0.078       |
| 20197     | Wabaunsee                  | 0.011      | 0.077       |
| 20209     | Wyandotte                  | 0.025      | 0.056       |
| 21005     | Anderson                   | 0.062      | 0.010       |
| 21017     | Bourbon                    | 0.024      | 0.037       |
| 21067     | Fayette                    | 0.031      | 0.051       |
| 21085     | Grayson                    | 0.043      | 0.042       |
| 21091     | Hancock                    | 0.019      | 0.080       |
| 21099     | Hart                       | 0.053      | 0.034       |
| 21111     | Jefferson                  | 0.036      | 0.048       |
| 21113     | Jessamine                  | 0.022      | 0.036       |
| 21167     | Mercer                     | 0.047      | 0.012       |
| 21173     | Montgomery                 | 0.030      | 0.041       |
| 21181     | Nicholas                   | 0.023      | 0.025       |
| 21185     | Oldham                     | 0.025      | 0.039       |
| 21209     | Scott                      | 0.040      | 0.044       |
| 21215     | Spencer                    | 0.032      | 0.058       |
| 21239     | Woodford                   | 0.042      | 0.017       |
| 22033     | East Baton Rouge           | 0.052      | 0.031       |
| 22035     | East Carroll               | 0.022      | 0.046       |
| 22047     | Iberville                  | 0.061      | 0.021       |
| 22051     | Jefferson                  | 0.044      | 0.031       |
| 22071     | Orleans                    | 0.019      | 0.034       |
| 22101     | St. Mary                   | 0.066      | 0.020       |
| 22121     | West Baton Rouge           | 0.044      | 0.040       |
| 22123     | West Carroll               | 0.022      | 0.063       |
| 23007     | Franklin                   | 0.006      | 0.063       |
| 23009     | Hancock                    | 0.034      | 0.052       |
| 23011     | Kennebec                   | 0.016      | 0.074       |
| 23013     | Knox                       | 0.007      | 0.010       |
| 23015     | Lincoln                    | 0.031      | 0.014       |
| 23023     | Sagadahoc                  | 0.061      | 0.026       |
| 23027     | Waldo                      | 0.023      | 0.060       |
| 23029     | Washington                 | 0.026      | 0.032       |
| 24001     | Allegany                   | 0.007      | 0.010       |
| 24003     | Anne Arundel               | 0.018      | 0.022       |
| 24005     | Baltimore                  | 0.013      | 0.024       |
| 24009     | Calvert                    | 0.049      | 0.049       |
| 24011     | Caroline                   | 0.009      | 0.019       |
| 24013     | Carroll                    | 0.014      | 0.008       |
| 24015     | Cecil                      | 0.009      | 0.018       |
| 24017     | Charles                    | 0.035      | 0.034       |
| 24019     | Dorchester                 | 0.020      | 0.006       |
| 24021     | Frederick                  | 0.028      | 0.036       |
| 24023     | Garrett                    | 0.077      | 0.008       |
| 24025     | Harford                    | 0.008      | 0.009       |
| 24027     | Howard                     | 0.024      | 0.015       |
| 24029     | Kent                       | 0.005      | 0.014       |
| 24031     | Montgomery                 | 0.025      | 0.029       |
| 24035     | Queen Anne's               | 0.002      | 0.042       |
| 24037     | St. Mary's                 | 0.040      | 0.009       |
| 24039     | Somerset                   | 0.004      | 0.010       |
| 24041     | Talbot                     | 0.012      | 0.012       |
| 24043     | Washington                 | 0.031      | 0.047       |
| 24045     | Wicomico                   | 0.006      | 0.011       |
| 24047     | Worcester                  | 0.003      | 0.004       |
| 24510     | Baltimore city             | 0.024      | 0.032       |
| 25001     | Barnstable                 | 0.019      | 0.007       |
| 25003     | Berkshire                  | 0.030      | 0.004       |
| 25005     | Bristol                    | 0.016      | 0.020       |
| 25007     | Dukes                      | 0.006      | 0.010       |
| 25009     | Essex                      | 0.023      | 0.010       |
| 25011     | Franklin                   | 0.043      | 0.011       |
| 25013     | Hampden                    | 0.013      | 0.017       |
| 25015     | Hampshire                  | 0.011      | 0.006       |
| 25017     | Middlesex                  | 0.023      | 0.011       |
| 25019     | Nantucket                  | 0.015      | 0.003       |
| 25021     | Norfolk                    | 0.020      | 0.015       |
| 25023     | Plymouth                   | 0.014      | 0.017       |
| 25025     | Suffolk                    | 0.020      | 0.007       |
| 25027     | Worcester                  | 0.020      | 0.027       |
| 26003     | Alger                      | 0.025      | 0.034       |
| 26005     | Allegan                    | 0.050      | 0.035       |
| 26007     | Alpena                     | 0.025      | 0.040       |
| 26009     | Antrim                     | 0.027      | 0.042       |
| 26013     | Baraga                     | 0.012      | 0.063       |
| 26017     | Bay                        | 0.014      | 0.055       |
| 26019     | Benzie                     | 0.010      | 0.049       |
| 26021     | Berrien                    | 0.039      | 0.037       |
| 26029     | Charlevoix                 | 0.027      | 0.057       |
| 26031     | Cheboygan                  | 0.027      | 0.052       |
| 26033     | Chippewa                   | 0.030      | 0.022       |
| 26035     | Clare                      | 0.050      | 0.026       |
| 26037     | Clinton                    | 0.033      | 0.056       |
| 26039     | Crawford                   | 0.043      | 0.050       |
| 26041     | Delta                      | 0.058      | 0.023       |
| 26045     | Eaton                      | 0.047      | 0.039       |
| 26047     | Emmet                      | 0.025      | 0.062       |
| 26049     | Genesee                    | 0.032      | 0.043       |
| 26051     | Gladwin                    | 0.025      | 0.024       |
| 26055     | Grand Traverse             | 0.004      | 0.041       |
| 26061     | Houghton                   | 0.008      | 0.078       |
| 26065     | Ingham                     | 0.062      | 0.030       |
| 26077     | Kalamazoo                  | 0.020      | 0.059       |
| 26079     | Kalkaska                   | 0.018      | 0.037       |
| 26081     | Kent                       | 0.019      | 0.061       |
| 26083     | Keweenaw                   | 0.006      | 0.071       |
| 26089     | Leelanau                   | 0.003      | 0.038       |
| 26091     | Lenawee                    | 0.018      | 0.027       |
| 26093     | Livingston                 | 0.042      | 0.021       |
| 26095     | Luce                       | 0.028      | 0.030       |
| 26097     | Mackinac                   | 0.032      | 0.040       |
| 26099     | Macomb                     | 0.034      | 0.043       |
| 26101     | Manistee                   | 0.035      | 0.050       |
| 26103     | Marquette                  | 0.016      | 0.045       |
| 26111     | Midland                    | 0.031      | 0.030       |
| 26113     | Missaukee                  | 0.025      | 0.036       |
| 26125     | Oakland                    | 0.028      | 0.027       |
| 26139     | Ottawa                     | 0.042      | 0.057       |
| 26141     | Presque Isle               | 0.020      | 0.040       |
| 26143     | Roscommon                  | 0.012      | 0.037       |
| 26153     | Schoolcraft                | 0.041      | 0.021       |
| 26159     | Van Buren                  | 0.025      | 0.068       |
| 26161     | Washtenaw                  | 0.019      | 0.022       |
| 26163     | Wayne                      | 0.046      | 0.032       |
| 26165     | Wexford                    | 0.036      | 0.056       |
| 27049     | Goodhue                    | 0.030      | 0.039       |
| 27053     | Hennepin                   | 0.021      | 0.044       |
| 27123     | Ramsey                     | 0.044      | 0.046       |
| 27139     | Scott                      | 0.021      | 0.057       |
| 28009     | Benton                     | 0.018      | 0.014       |
| 28021     | Claiborne                  | 0.038      | 0.061       |
| 28023     | Clarke                     | 0.044      | 0.021       |
| 28027     | Coahoma                    | 0.038      | 0.056       |
| 28055     | Issaquena                  | 0.030      | 0.060       |
| 28069     | Kemper                     | 0.032      | 0.021       |
| 28071     | Lafayette                  | 0.019      | 0.059       |
| 28075     | Lauderdale                 | 0.036      | 0.018       |
| 28079     | Leake                      | 0.031      | 0.040       |
| 28087     | Lowndes                    | 0.018      | 0.052       |
| 28089     | Madison                    | 0.029      | 0.043       |
| 28093     | Marshall                   | 0.013      | 0.006       |
| 28099     | Neshoba                    | 0.017      | 0.018       |
| 28101     | Newton                     | 0.010      | 0.025       |
| 28103     | Noxubee                    | 0.009      | 0.034       |
| 28105     | Oktibbeha                  | 0.015      | 0.070       |
| 28123     | Scott                      | 0.026      | 0.049       |
| 28153     | Wayne                      | 0.037      | 0.062       |
| 28159     | Winston                    | 0.029      | 0.038       |
| 28163     | Yazoo                      | 0.050      | 0.038       |
| 29047     | Clay                       | 0.033      | 0.037       |
| 29095     | Jackson                    | 0.027      | 0.066       |
| 29165     | Platte                     | 0.044      | 0.040       |
| 29183     | St. Charles                | 0.041      | 0.050       |
| 29189     | St. Louis                  | 0.024      | 0.028       |
| 29510     | St. Louis city             | 0.039      | 0.017       |
| 31025     | Cass                       | 0.042      | 0.049       |
| 31151     | Saline                     | 0.021      | 0.070       |
| 31159     | Seward                     | 0.028      | 0.046       |
| 32003     | Clark                      | 0.027      | 0.032       |
| 32005     | Douglas                    | 0.029      | 0.055       |
| 32007     | Elko                       | 0.021      | 0.046       |
| 32009     | Esmeralda                  | 0.086      | 0.004       |
| 32011     | Eureka                     | 0.002      | 0.054       |
| 32013     | Humboldt                   | 0.008      | 0.042       |
| 32015     | Lander                     | 0.004      | 0.085       |
| 32017     | Lincoln                    | 0.048      | 0.019       |
| 32021     | Mineral                    | 0.022      | 0.018       |
| 32023     | Nye                        | 0.061      | 0.038       |
| 32027     | Pershing                   | 0.010      | 0.013       |
| 32029     | Storey                     | 0.015      | 0.038       |
| 32031     | Washoe                     | 0.024      | 0.025       |
| 32033     | White Pine                 | 0.059      | 0.016       |
| 32510     | Carson City                | 0.023      | 0.064       |
| 33005     | Cheshire                   | 0.020      | 0.075       |
| 33007     | Coos                       | 0.017      | 0.050       |
| 33009     | Grafton                    | 0.039      | 0.026       |
| 33011     | Hillsborough               | 0.030      | 0.069       |
| 33015     | Rockingham                 | 0.018      | 0.057       |
| 34001     | Atlantic                   | 0.019      | 0.041       |
| 34003     | Bergen                     | 0.020      | 0.014       |
| 34005     | Burlington                 | 0.023      | 0.020       |
| 34007     | Camden                     | 0.028      | 0.005       |
| 34009     | Cape May                   | 0.013      | 0.011       |
| 34011     | Cumberland                 | 0.032      | 0.006       |
| 34013     | Essex                      | 0.035      | 0.014       |
| 34015     | Gloucester                 | 0.047      | 0.010       |
| 34017     | Hudson                     | 0.022      | 0.019       |
| 34019     | Hunterdon                  | 0.007      | 0.038       |
| 34021     | Mercer                     | 0.017      | 0.014       |
| 34023     | Middlesex                  | 0.020      | 0.016       |
| 34025     | Monmouth                   | 0.010      | 0.022       |
| 34027     | Morris                     | 0.023      | 0.018       |
| 34029     | Ocean                      | 0.012      | 0.056       |
| 34031     | Passaic                    | 0.029      | 0.015       |
| 34033     | Salem                      | 0.041      | 0.043       |
| 34035     | Somerset                   | 0.016      | 0.027       |
| 34037     | Sussex                     | 0.020      | 0.026       |
| 34039     | Union                      | 0.012      | 0.011       |
| 34041     | Warren                     | 0.035      | 0.020       |
| 35001     | Bernalillo                 | 0.036      | 0.014       |
| 35003     | Catron                     | 0.054      | 0.039       |
| 35006     | Cibola                     | 0.003      | 0.059       |
| 35007     | Colfax                     | 0.041      | 0.019       |
| 35013     | Doña Ana                   | 0.011      | 0.044       |
| 35017     | Grant                      | 0.043      | 0.031       |
| 35019     | Guadalupe                  | 0.014      | 0.049       |
| 35023     | Hidalgo                    | 0.056      | 0.037       |
| 35027     | Lincoln                    | 0.040      | 0.012       |
| 35028     | Los Alamos                 | 0.001      | 0.041       |
| 35031     | McKinley                   | 0.010      | 0.060       |
| 35033     | Mora                       | 0.002      | 0.027       |
| 35039     | Rio Arriba                 | 0.007      | 0.054       |
| 35043     | Sandoval                   | 0.017      | 0.015       |
| 35045     | San Juan                   | 0.057      | 0.015       |
| 35047     | San Miguel                 | 0.004      | 0.020       |
| 35049     | Santa Fe                   | 0.008      | 0.016       |
| 35051     | Sierra                     | 0.030      | 0.039       |
| 35053     | Socorro                    | 0.002      | 0.008       |
| 35055     | Taos                       | 0.006      | 0.041       |
| 35061     | Valencia                   | 0.006      | 0.009       |
| 36001     | Albany                     | 0.006      | 0.012       |
| 36003     | Allegany                   | 0.062      | 0.015       |
| 36007     | Broome                     | 0.044      | 0.028       |
| 36009     | Cattaraugus                | 0.015      | 0.013       |
| 36011     | Cayuga                     | 0.000      | 0.033       |
| 36013     | Chautauqua                 | 0.029      | 0.024       |
| 36015     | Chemung                    | 0.012      | 0.046       |
| 36017     | Chenango                   | 0.048      | 0.045       |
| 36019     | Clinton                    | 0.017      | 0.024       |
| 36021     | Columbia                   | 0.014      | 0.004       |
| 36023     | Cortland                   | 0.001      | 0.062       |
| 36027     | Dutchess                   | 0.007      | 0.009       |
| 36029     | Erie                       | 0.018      | 0.014       |
| 36033     | Franklin                   | 0.026      | 0.027       |
| 36035     | Fulton                     | 0.078      | 0.015       |
| 36037     | Genesee                    | 0.001      | 0.017       |
| 36039     | Greene                     | 0.022      | 0.014       |
| 36041     | Hamilton                   | 0.042      | 0.024       |
| 36043     | Herkimer                   | 0.015      | 0.026       |
| 36045     | Jefferson                  | 0.008      | 0.058       |
| 36051     | Livingston                 | 0.011      | 0.034       |
| 36053     | Madison                    | 0.003      | 0.015       |
| 36055     | Monroe                     | 0.018      | 0.012       |
| 36059     | Nassau                     | 0.017      | 0.018       |
| 36063     | Niagara                    | 0.001      | 0.028       |
| 36065     | Oneida                     | 0.016      | 0.025       |
| 36067     | Onondaga                   | 0.019      | 0.008       |
| 36069     | Ontario                    | 0.001      | 0.012       |
| 36071     | Orange                     | 0.023      | 0.008       |
| 36073     | Orleans                    | 0.001      | 0.033       |
| 36075     | Oswego                     | 0.017      | 0.003       |
| 36077     | Otsego                     | 0.032      | 0.065       |
| 36079     | Putnam                     | 0.003      | 0.018       |
| 36083     | Rensselaer                 | 0.018      | 0.018       |
| 36087     | Rockland                   | 0.011      | 0.018       |
| 36089     | St. Lawrence               | 0.027      | 0.029       |
| 36091     | Saratoga                   | 0.020      | 0.012       |
| 36093     | Schenectady                | 0.040      | 0.007       |
| 36095     | Schoharie                  | 0.007      | 0.020       |
| 36097     | Schuyler                   | 0.010      | 0.009       |
| 36099     | Seneca                     | 0.001      | 0.012       |
| 36101     | Steuben                    | 0.036      | 0.031       |
| 36103     | Suffolk                    | 0.040      | 0.019       |
| 36105     | Sullivan                   | 0.024      | 0.030       |
| 36107     | Tioga                      | 0.019      | 0.011       |
| 36109     | Tompkins                   | 0.012      | 0.010       |
| 36111     | Ulster                     | 0.014      | 0.023       |
| 36113     | Warren                     | 0.026      | 0.018       |
| 36115     | Washington                 | 0.026      | 0.027       |
| 36117     | Wayne                      | 0.001      | 0.016       |
| 36119     | Westchester                | 0.025      | 0.018       |
| 36121     | Wyoming                    | 0.001      | 0.024       |
| 36123     | Yates                      | 0.000      | 0.006       |
| 37003     | Alexander                  | 0.027      | 0.023       |
| 37017     | Bladen                     | 0.073      | 0.023       |
| 37019     | Brunswick                  | 0.024      | 0.018       |
| 37021     | Buncombe                   | 0.009      | 0.023       |
| 37025     | Cabarrus                   | 0.040      | 0.022       |
| 37027     | Caldwell                   | 0.028      | 0.031       |
| 37031     | Carteret                   | 0.010      | 0.067       |
| 37033     | Caswell                    | 0.060      | 0.035       |
| 37037     | Chatham                    | 0.007      | 0.025       |
| 37041     | Chowan                     | 0.044      | 0.011       |
| 37051     | Cumberland                 | 0.028      | 0.047       |
| 37055     | Dare                       | 0.028      | 0.005       |
| 37063     | Durham                     | 0.017      | 0.014       |
| 37065     | Edgecombe                  | 0.021      | 0.037       |
| 37067     | Forsyth                    | 0.020      | 0.022       |
| 37069     | Franklin                   | 0.038      | 0.030       |
| 37073     | Gates                      | 0.008      | 0.022       |
| 37077     | Granville                  | 0.042      | 0.033       |
| 37081     | Guilford                   | 0.040      | 0.055       |
| 37083     | Halifax                    | 0.014      | 0.007       |
| 37089     | Henderson                  | 0.014      | 0.028       |
| 37091     | Hertford                   | 0.020      | 0.007       |
| 37093     | Hoke                       | 0.009      | 0.047       |
| 37101     | Johnston                   | 0.032      | 0.022       |
| 37115     | Madison                    | 0.016      | 0.034       |
| 37119     | Mecklenburg                | 0.029      | 0.037       |
| 37123     | Montgomery                 | 0.027      | 0.056       |
| 37127     | Nash                       | 0.044      | 0.032       |
| 37129     | New Hanover                | 0.019      | 0.032       |
| 37131     | Northampton                | 0.017      | 0.003       |
| 37133     | Onslow                     | 0.039      | 0.039       |
| 37135     | Orange                     | 0.010      | 0.020       |
| 37137     | Pamlico                    | 0.036      | 0.057       |
| 37139     | Pasquotank                 | 0.067      | 0.021       |
| 37141     | Pender                     | 0.050      | 0.035       |
| 37143     | Perquimans                 | 0.036      | 0.014       |
| 37145     | Person                     | 0.010      | 0.008       |
| 37147     | Pitt                       | 0.034      | 0.065       |
| 37153     | Richmond                   | 0.050      | 0.039       |
| 37155     | Robeson                    | 0.062      | 0.031       |
| 37163     | Sampson                    | 0.006      | 0.005       |
| 37169     | Stokes                     | 0.015      | 0.034       |
| 37171     | Surry                      | 0.019      | 0.041       |
| 37175     | Transylvania               | 0.025      | 0.013       |
| 37177     | Tyrrell                    | 0.054      | 0.016       |
| 37181     | Vance                      | 0.042      | 0.031       |
| 37183     | Wake                       | 0.015      | 0.020       |
| 37185     | Warren                     | 0.027      | 0.024       |
| 37189     | Watauga                    | 0.062      | 0.010       |
| 37191     | Wayne                      | 0.017      | 0.018       |
| 37195     | Wilson                     | 0.013      | 0.067       |
| 37199     | Yancey                     | 0.028      | 0.019       |
| 39023     | Clark                      | 0.066      | 0.027       |
| 39035     | Cuyahoga                   | 0.042      | 0.052       |
| 39041     | Delaware                   | 0.018      | 0.081       |
| 39049     | Franklin                   | 0.042      | 0.054       |
| 39051     | Fulton                     | 0.029      | 0.046       |
| 39055     | Geauga                     | 0.030      | 0.057       |
| 39123     | Ottawa                     | 0.052      | 0.035       |
| 39173     | Wood                       | 0.029      | 0.061       |
| 40083     | Logan                      | 0.030      | 0.027       |
| 40123     | Pontotoc                   | 0.029      | 0.033       |
| 40125     | Pottawatomie               | 0.042      | 0.052       |
| 41003     | Benton                     | 0.007      | 0.007       |
| 41005     | Clackamas                  | 0.016      | 0.024       |
| 41007     | Clatsop                    | 0.052      | 0.027       |
| 41009     | Columbia                   | 0.048      | 0.015       |
| 41013     | Crook                      | 0.019      | 0.075       |
| 41015     | Curry                      | 0.025      | 0.058       |
| 41017     | Deschutes                  | 0.010      | 0.061       |
| 41021     | Gilliam                    | 0.008      | 0.003       |
| 41023     | Grant                      | 0.014      | 0.062       |
| 41031     | Jefferson                  | 0.018      | 0.062       |
| 41033     | Josephine                  | 0.028      | 0.056       |
| 41037     | Lake                       | 0.050      | 0.017       |
| 41039     | Lane                       | 0.031      | 0.036       |
| 41041     | Lincoln                    | 0.001      | 0.012       |
| 41043     | Linn                       | 0.057      | 0.025       |
| 41047     | Marion                     | 0.029      | 0.013       |
| 41049     | Morrow                     | 0.026      | 0.004       |
| 41051     | Multnomah                  | 0.013      | 0.016       |
| 41053     | Polk                       | 0.013      | 0.022       |
| 41055     | Sherman                    | 0.008      | 0.014       |
| 41059     | Umatilla                   | 0.043      | 0.010       |
| 41065     | Wasco                      | 0.019      | 0.034       |
| 41067     | Washington                 | 0.006      | 0.009       |
| 41069     | Wheeler                    | 0.023      | 0.070       |
| 41071     | Yamhill                    | 0.021      | 0.035       |
| 42001     | Adams                      | 0.039      | 0.034       |
| 42003     | Allegheny                  | 0.017      | 0.022       |
| 42007     | Beaver                     | 0.015      | 0.023       |
| 42011     | Berks                      | 0.036      | 0.012       |
| 42015     | Bradford                   | 0.042      | 0.017       |
| 42017     | Bucks                      | 0.014      | 0.018       |
| 42019     | Butler                     | 0.035      | 0.062       |
| 42021     | Cambria                    | 0.026      | 0.062       |
| 42025     | Carbon                     | 0.013      | 0.062       |
| 42027     | Centre                     | 0.017      | 0.013       |
| 42029     | Chester                    | 0.006      | 0.022       |
| 42031     | Clarion                    | 0.057      | 0.030       |
| 42035     | Clinton                    | 0.014      | 0.024       |
| 42037     | Columbia                   | 0.020      | 0.046       |
| 42039     | Crawford                   | 0.024      | 0.016       |
| 42041     | Cumberland                 | 0.031      | 0.032       |
| 42043     | Dauphin                    | 0.032      | 0.023       |
| 42045     | Delaware                   | 0.010      | 0.010       |
| 42047     | Elk                        | 0.055      | 0.016       |
| 42049     | Erie                       | 0.016      | 0.025       |
| 42053     | Forest                     | 0.016      | 0.008       |
| 42055     | Franklin                   | 0.023      | 0.040       |
| 42063     | Indiana                    | 0.015      | 0.047       |
| 42069     | Lackawanna                 | 0.007      | 0.006       |
| 42071     | Lancaster                  | 0.037      | 0.013       |
| 42075     | Lebanon                    | 0.026      | 0.008       |
| 42077     | Lehigh                     | 0.014      | 0.004       |
| 42079     | Luzerne                    | 0.016      | 0.024       |
| 42083     | McKean                     | 0.012      | 0.004       |
| 42085     | Mercer                     | 0.028      | 0.044       |
| 42089     | Monroe                     | 0.019      | 0.047       |
| 42091     | Montgomery                 | 0.016      | 0.019       |
| 42093     | Montour                    | 0.042      | 0.022       |
| 42095     | Northampton                | 0.015      | 0.012       |
| 42097     | Northumberland             | 0.064      | 0.013       |
| 42099     | Perry                      | 0.035      | 0.017       |
| 42101     | Philadelphia               | 0.023      | 0.012       |
| 42103     | Pike                       | 0.010      | 0.013       |
| 42105     | Potter                     | 0.061      | 0.011       |
| 42107     | Schuylkill                 | 0.066      | 0.002       |
| 42109     | Snyder                     | 0.062      | 0.036       |
| 42111     | Somerset                   | 0.041      | 0.040       |
| 42113     | Sullivan                   | 0.025      | 0.035       |
| 42115     | Susquehanna                | 0.046      | 0.029       |
| 42121     | Venango                    | 0.004      | 0.015       |
| 42123     | Warren                     | 0.009      | 0.019       |
| 42125     | Washington                 | 0.052      | 0.020       |
| 42127     | Wayne                      | 0.004      | 0.009       |
| 42129     | Westmoreland               | 0.017      | 0.070       |
| 42131     | Wyoming                    | 0.035      | 0.008       |
| 42133     | York                       | 0.018      | 0.024       |
| 44001     | Bristol                    | 0.007      | 0.003       |
| 44003     | Kent                       | 0.016      | 0.003       |
| 44005     | Newport                    | 0.004      | 0.006       |
| 44007     | Providence                 | 0.022      | 0.014       |
| 44009     | Washington                 | 0.012      | 0.022       |
| 45013     | Beaufort                   | 0.038      | 0.027       |
| 45019     | Charleston                 | 0.036      | 0.059       |
| 45039     | Fairfield                  | 0.046      | 0.032       |
| 45043     | Georgetown                 | 0.040      | 0.014       |
| 45055     | Kershaw                    | 0.062      | 0.019       |
| 45063     | Lexington                  | 0.044      | 0.038       |
| 45079     | Richland                   | 0.030      | 0.016       |
| 45089     | Williamsburg               | 0.034      | 0.057       |
| 47021     | Cheatham                   | 0.018      | 0.067       |
| 47037     | Davidson                   | 0.020      | 0.037       |
| 47047     | Fayette                    | 0.022      | 0.001       |
| 47069     | Hardeman                   | 0.035      | 0.056       |
| 47093     | Knox                       | 0.036      | 0.032       |
| 47157     | Shelby                     | 0.034      | 0.025       |
| 47171     | Unicoi                     | 0.049      | 0.041       |
| 47187     | Williamson                 | 0.019      | 0.073       |
| 48007     | Aransas                    | 0.006      | 0.005       |
| 48013     | Atascosa                   | 0.001      | 0.010       |
| 48015     | Austin                     | 0.006      | 0.024       |
| 48019     | Bandera                    | 0.073      | 0.018       |
| 48021     | Bastrop                    | 0.007      | 0.020       |
| 48025     | Bee                        | 0.001      | 0.003       |
| 48027     | Bell                       | 0.010      | 0.035       |
| 48029     | Bexar                      | 0.015      | 0.016       |
| 48031     | Blanco                     | 0.005      | 0.019       |
| 48039     | Brazoria                   | 0.021      | 0.042       |
| 48041     | Brazos                     | 0.012      | 0.038       |
| 48043     | Brewster                   | 0.011      | 0.012       |
| 48047     | Brooks                     | 0.061      | 0.004       |
| 48051     | Burleson                   | 0.020      | 0.072       |
| 48053     | Burnet                     | 0.031      | 0.039       |
| 48055     | Caldwell                   | 0.001      | 0.001       |
| 48057     | Calhoun                    | 0.019      | 0.028       |
| 48061     | Cameron                    | 0.035      | 0.061       |
| 48063     | Camp                       | 0.017      | 0.064       |
| 48081     | Coke                       | 0.039      | 0.056       |
| 48085     | Collin                     | 0.021      | 0.026       |
| 48089     | Colorado                   | 0.004      | 0.044       |
| 48091     | Comal                      | 0.007      | 0.044       |
| 48095     | Concho                     | 0.012      | 0.029       |
| 48099     | Coryell                    | 0.015      | 0.027       |
| 48105     | Crockett                   | 0.026      | 0.071       |
| 48113     | Dallas                     | 0.024      | 0.019       |
| 48115     | Dawson                     | 0.030      | 0.023       |
| 48121     | Denton                     | 0.016      | 0.025       |
| 48123     | DeWitt                     | 0.003      | 0.019       |
| 48127     | Dimmit                     | 0.021      | 0.059       |
| 48137     | Edwards                    | 0.016      | 0.047       |
| 48139     | Ellis                      | 0.027      | 0.017       |
| 48141     | El Paso                    | 0.007      | 0.007       |
| 48145     | Falls                      | 0.009      | 0.029       |
| 48149     | Fayette                    | 0.006      | 0.050       |
| 48157     | Fort Bend                  | 0.024      | 0.030       |
| 48159     | Franklin                   | 0.013      | 0.055       |
| 48167     | Galveston                  | 0.033      | 0.037       |
| 48175     | Goliad                     | 0.001      | 0.025       |
| 48177     | Gonzales                   | 0.001      | 0.001       |
| 48185     | Grimes                     | 0.025      | 0.047       |
| 48187     | Guadalupe                  | 0.027      | 0.022       |
| 48199     | Hardin                     | 0.021      | 0.054       |
| 48201     | Harris                     | 0.019      | 0.024       |
| 48209     | Hays                       | 0.000      | 0.007       |
| 48215     | Hidalgo                    | 0.055      | 0.003       |
| 48223     | Hopkins                    | 0.054      | 0.026       |
| 48229     | Hudspeth                   | 0.013      | 0.003       |
| 48235     | Irion                      | 0.009      | 0.047       |
| 48237     | Jack                       | 0.009      | 0.018       |
| 48239     | Jackson                    | 0.020      | 0.062       |
| 48241     | Jasper                     | 0.040      | 0.055       |
| 48243     | Jeff Davis                 | 0.009      | 0.005       |
| 48247     | Jim Hogg                   | 0.071      | 0.003       |
| 48249     | Jim Wells                  | 0.057      | 0.007       |
| 48255     | Karnes                     | 0.000      | 0.001       |
| 48259     | Kendall                    | 0.002      | 0.059       |
| 48261     | Kenedy                     | 0.040      | 0.010       |
| 48271     | Kinney                     | 0.004      | 0.059       |
| 48273     | Kleberg                    | 0.063      | 0.015       |
| 48281     | Lampasas                   | 0.024      | 0.019       |
| 48285     | Lavaca                     | 0.008      | 0.029       |
| 48291     | Liberty                    | 0.019      | 0.034       |
| 48293     | Limestone                  | 0.005      | 0.086       |
| 48297     | Live Oak                   | 0.005      | 0.003       |
| 48307     | McCulloch                  | 0.031      | 0.053       |
| 48309     | McLennan                   | 0.022      | 0.049       |
| 48311     | McMullen                   | 0.043      | 0.002       |
| 48313     | Madison                    | 0.065      | 0.032       |
| 48321     | Matagorda                  | 0.004      | 0.051       |
| 48323     | Maverick                   | 0.005      | 0.091       |
| 48325     | Medina                     | 0.006      | 0.017       |
| 48327     | Menard                     | 0.013      | 0.048       |
| 48331     | Milam                      | 0.006      | 0.019       |
| 48349     | Navarro                    | 0.006      | 0.024       |
| 48355     | Nueces                     | 0.024      | 0.034       |
| 48363     | Palo Pinto                 | 0.027      | 0.023       |
| 48365     | Panola                     | 0.027      | 0.033       |
| 48367     | Parker                     | 0.020      | 0.048       |
| 48377     | Presidio                   | 0.003      | 0.003       |
| 48385     | Real                       | 0.030      | 0.065       |
| 48391     | Refugio                    | 0.002      | 0.011       |
| 48395     | Robertson                  | 0.014      | 0.041       |
| 48397     | Rockwall                   | 0.033      | 0.041       |
| 48399     | Runnels                    | 0.033      | 0.039       |
| 48401     | Rusk                       | 0.038      | 0.040       |
| 48407     | San Jacinto                | 0.009      | 0.064       |
| 48409     | San Patricio               | 0.015      | 0.020       |
| 48413     | Schleicher                 | 0.002      | 0.029       |
| 48419     | Shelby                     | 0.025      | 0.035       |
| 48427     | Starr                      | 0.039      | 0.008       |
| 48435     | Sutton                     | 0.009      | 0.042       |
| 48439     | Tarrant                    | 0.023      | 0.034       |
| 48443     | Terrell                    | 0.021      | 0.061       |
| 48451     | Tom Green                  | 0.007      | 0.038       |
| 48453     | Travis                     | 0.015      | 0.008       |
| 48457     | Tyler                      | 0.021      | 0.066       |
| 48463     | Uvalde                     | 0.014      | 0.022       |
| 48465     | Val Verde                  | 0.003      | 0.050       |
| 48469     | Victoria                   | 0.008      | 0.039       |
| 48471     | Walker                     | 0.029      | 0.058       |
| 48473     | Waller                     | 0.016      | 0.060       |
| 48477     | Washington                 | 0.020      | 0.031       |
| 48479     | Webb                       | 0.033      | 0.000       |
| 48481     | Wharton                    | 0.011      | 0.072       |
| 48489     | Willacy                    | 0.034      | 0.015       |
| 48491     | Williamson                 | 0.016      | 0.033       |
| 48493     | Wilson                     | 0.000      | 0.003       |
| 48505     | Zapata                     | 0.047      | 0.001       |
| 49011     | Davis                      | 0.035      | 0.055       |
| 49035     | Salt Lake                  | 0.028      | 0.032       |
| 49053     | Washington                 | 0.034      | 0.056       |
| 50001     | Addison                    | 0.029      | 0.045       |
| 50003     | Bennington                 | 0.028      | 0.058       |
| 50013     | Grand Isle                 | 0.031      | 0.039       |
| 50021     | Rutland                    | 0.031      | 0.037       |
| 51001     | Accomack                   | 0.001      | 0.019       |
| 51003     | Albemarle                  | 0.023      | 0.022       |
| 51007     | Amelia                     | 0.013      | 0.069       |
| 51009     | Amherst                    | 0.064      | 0.033       |
| 51011     | Appomattox                 | 0.063      | 0.018       |
| 51013     | Arlington                  | 0.010      | 0.018       |
| 51015     | Augusta                    | 0.029      | 0.037       |
| 51025     | Brunswick                  | 0.006      | 0.003       |
| 51029     | Buckingham                 | 0.020      | 0.010       |
| 51033     | Caroline                   | 0.047      | 0.032       |
| 51036     | Charles City               | 0.017      | 0.020       |
| 51041     | Chesterfield               | 0.026      | 0.030       |
| 51043     | Clarke                     | 0.013      | 0.036       |
| 51045     | Craig                      | 0.017      | 0.022       |
| 51049     | Cumberland                 | 0.012      | 0.055       |
| 51053     | Dinwiddie                  | 0.022      | 0.016       |
| 51057     | Essex                      | 0.016      | 0.081       |
| 51059     | Fairfax                    | 0.018      | 0.016       |
| 51061     | Fauquier                   | 0.040      | 0.013       |
| 51065     | Fluvanna                   | 0.037      | 0.014       |
| 51069     | Frederick                  | 0.026      | 0.048       |
| 51073     | Gloucester                 | 0.003      | 0.004       |
| 51075     | Goochland                  | 0.034      | 0.043       |
| 51079     | Greene                     | 0.011      | 0.038       |
| 51081     | Greensville                | 0.014      | 0.002       |
| 51085     | Hanover                    | 0.043      | 0.052       |
| 51087     | Henrico                    | 0.040      | 0.037       |
| 51093     | Isle of Wight              | 0.039      | 0.055       |
| 51095     | James City                 | 0.006      | 0.008       |
| 51097     | King and Queen             | 0.007      | 0.041       |
| 51101     | King William               | 0.012      | 0.072       |
| 51103     | Lancaster                  | 0.001      | 0.022       |
| 51107     | Loudoun                    | 0.014      | 0.012       |
| 51109     | Louisa                     | 0.025      | 0.045       |
| 51111     | Lunenburg                  | 0.068      | 0.006       |
| 51115     | Mathews                    | 0.001      | 0.001       |
| 51117     | Mecklenburg                | 0.063      | 0.022       |
| 51119     | Middlesex                  | 0.001      | 0.004       |
| 51121     | Montgomery                 | 0.056      | 0.042       |
| 51125     | Nelson                     | 0.011      | 0.015       |
| 51127     | New Kent                   | 0.008      | 0.035       |
| 51131     | Northampton                | 0.001      | 0.037       |
| 51133     | Northumberland             | 0.017      | 0.038       |
| 51135     | Nottoway                   | 0.044      | 0.014       |
| 51139     | Page                       | 0.025      | 0.052       |
| 51147     | Prince Edward              | 0.059      | 0.009       |
| 51149     | Prince George              | 0.033      | 0.033       |
| 51153     | Prince William             | 0.047      | 0.027       |
| 51157     | Rappahannock               | 0.023      | 0.019       |
| 51159     | Richmond                   | 0.015      | 0.070       |
| 51165     | Rockingham                 | 0.034      | 0.062       |
| 51171     | Shenandoah                 | 0.023      | 0.039       |
| 51175     | Southampton                | 0.019      | 0.013       |
| 51177     | Spotsylvania               | 0.050      | 0.019       |
| 51179     | Stafford                   | 0.045      | 0.035       |
| 51181     | Surry                      | 0.006      | 0.021       |
| 51183     | Sussex                     | 0.012      | 0.012       |
| 51187     | Warren                     | 0.027      | 0.017       |
| 51199     | York                       | 0.006      | 0.021       |
| 51510     | Alexandria city            | 0.032      | 0.020       |
| 51540     | Charlottesville city       | 0.023      | 0.019       |
| 51550     | Chesapeake city            | 0.018      | 0.025       |
| 51570     | Colonial Heights city      | 0.044      | 0.045       |
| 51595     | Emporia city               | 0.015      | 0.001       |
| 51600     | Fairfax city               | 0.025      | 0.015       |
| 51610     | Falls Church city          | 0.007      | 0.033       |
| 51620     | Franklin city              | 0.010      | 0.027       |
| 51630     | Fredericksburg city        | 0.038      | 0.007       |
| 51650     | Hampton city               | 0.008      | 0.025       |
| 51660     | Harrisonburg city          | 0.029      | 0.066       |
| 51670     | Hopewell city              | 0.038      | 0.038       |
| 51683     | Manassas city              | 0.033      | 0.023       |
| 51685     | Manassas Park city         | 0.071      | 0.025       |
| 51700     | Newport News city          | 0.010      | 0.038       |
| 51710     | Norfolk city               | 0.004      | 0.030       |
| 51720     | Norton city                | 0.017      | 0.056       |
| 51730     | Petersburg city            | 0.034      | 0.033       |
| 51735     | Poquoson city              | 0.004      | 0.014       |
| 51740     | Portsmouth city            | 0.000      | 0.019       |
| 51760     | Richmond city              | 0.060      | 0.031       |
| 51790     | Staunton city              | 0.027      | 0.039       |
| 51800     | Suffolk city               | 0.007      | 0.048       |
| 51810     | Virginia Beach city        | 0.017      | 0.041       |
| 51820     | Waynesboro city            | 0.027      | 0.028       |
| 51830     | Williamsburg city          | 0.005      | 0.009       |
| 51840     | Winchester city            | 0.025      | 0.056       |
| 53003     | Asotin                     | 0.014      | 0.029       |
| 53005     | Benton                     | 0.084      | 0.011       |
| 53009     | Clallam                    | 0.001      | 0.000       |
| 53011     | Clark                      | 0.020      | 0.021       |
| 53015     | Cowlitz                    | 0.041      | 0.020       |
| 53023     | Garfield                   | 0.031      | 0.029       |
| 53025     | Grant                      | 0.032      | 0.052       |
| 53027     | Grays Harbor               | 0.030      | 0.009       |
| 53029     | Island                     | 0.015      | 0.009       |
| 53031     | Jefferson                  | 0.011      | 0.000       |
| 53033     | King                       | 0.016      | 0.020       |
| 53035     | Kitsap                     | 0.024      | 0.003       |
| 53039     | Klickitat                  | 0.038      | 0.029       |
| 53045     | Mason                      | 0.011      | 0.024       |
| 53049     | Pacific                    | 0.082      | 0.016       |
| 53053     | Pierce                     | 0.028      | 0.057       |
| 53055     | San Juan                   | 0.015      | 0.004       |
| 53059     | Skamania                   | 0.019      | 0.048       |
| 53061     | Snohomish                  | 0.017      | 0.014       |
| 53063     | Spokane                    | 0.033      | 0.057       |
| 53065     | Stevens                    | 0.050      | 0.039       |
| 53067     | Thurston                   | 0.022      | 0.051       |
| 53073     | Whatcom                    | 0.042      | 0.028       |
| 53075     | Whitman                    | 0.002      | 0.009       |
| 53077     | Yakima                     | 0.012      | 0.035       |
| 54027     | Hampshire                  | 0.021      | 0.035       |
| 54037     | Jefferson                  | 0.041      | 0.038       |
| 54057     | Mineral                    | 0.033      | 0.016       |
| 54077     | Preston                    | 0.057      | 0.028       |
| 55025     | Dane                       | 0.017      | 0.020       |
| 55029     | Door                       | 0.021      | 0.030       |
| 55031     | Douglas                    | 0.044      | 0.042       |
| 55051     | Iron                       | 0.040      | 0.052       |
| 55061     | Kewaunee                   | 0.033      | 0.035       |
| 55125     | Vilas                      | 0.051      | 0.047       |
+-----------+----------------------------+------------+-------------+
mysql root@(none):covid_data> notee;
